 line   address	contents
    1                      ; Linked by DLX-LD.
    2                      ; MemSize 24576
    3                      ; Data size: 341
    4                      ; Text size: 4640
    5                      ; Stack size: 8192
    6  00000000          	.text 0x1000
    7  00001000          	.data 0x3000
    8                      ; Compiled by GCC
    9  00003000          	.text
   10  00001000          	.align 2
   11  00001000          	.proc _isspace
   12  00001000          	.global _isspace
   13  00001000          	_isspace:
   14                      ;  Function 'isspace'; 0 bytes of locals, 1 regs to save.
   15  00001000  afbefffc	sw	-4(r29),r30; push fp
   16  00001004  001df020	add	r30,r0,r29; fp = sp
   17  00001008  afbffff8	sw	-8(r29),r31; push ret addr
   18  0000100c  2fbd0010	subui	r29,r29,#16; alloc local storage
   19  00001010  afa20000	sw	0(r29),r2
   20  00001014  83c20003	lb	r2,3(r30)
   21  00001018  201f0000	addi	r31,r0,#0
   22  0000101c  304100ff	andi	r1,r2,#0x00ff
   23  00001020  60210020	seqi	r1,r1,#32
   24  00001024  14200018	bnez	r1,L6_LF0
   25  00001028  54000000	nop; not filled.
   26  0000102c  2041fff7	addi	r1,r2,#-9
   27  00001030  302100ff	andi	r1,r1,#0x00ff
   28  00001034  70210001	sleui	r1,r1,#1
   29  00001038  10200008	beqz	r1,L5_LF0
   30  0000103c  54000000	nop; not filled.
   31  00001040          	L6_LF0:
   32  00001040  201f0001	addi	r31,r0,#1
   33  00001044          	L5_LF0:
   34  00001044  001f0820	add	r1,r0,r31
   35  00001048  8fa20000	lw	r2,0(r29)
   36  0000104c  8fdffff8	lw	r31,-8(r30)
   37  00001050  001ee820	add	r29,r0,r30
   38  00001054  8fdefffc	lw	r30,-4(r30)
   39  00001058  4be00000	jr	r31
   40  0000105c  54000000	nop
   41  00001060          	.endproc _isspace
   42  00001060          	.align 2
   43  00001060          	.proc _isxdigit
   44  00001060          	.global _isxdigit
   45  00001060          	_isxdigit:
   46                      ;  Function 'isxdigit'; 0 bytes of locals, 1 regs to save.
   47  00001060  afbefffc	sw	-4(r29),r30; push fp
   48  00001064  001df020	add	r30,r0,r29; fp = sp
   49  00001068  afbffff8	sw	-8(r29),r31; push ret addr
   50  0000106c  2fbd0010	subui	r29,r29,#16; alloc local storage
   51  00001070  afa20000	sw	0(r29),r2
   52  00001074  83df0003	lb	r31,3(r30)
   53  00001078  20020000	addi	r2,r0,#0
   54  0000107c  23e1ffd0	addi	r1,r31,#-48
   55  00001080  302100ff	andi	r1,r1,#0x00ff
   56  00001084  70210009	sleui	r1,r1,#9
   57  00001088  14200028	bnez	r1,L12_LF0
   58  0000108c  54000000	nop; not filled.
   59  00001090  23e1ff9f	addi	r1,r31,#-97
   60  00001094  302100ff	andi	r1,r1,#0x00ff
   61  00001098  70210005	sleui	r1,r1,#5
   62  0000109c  14200014	bnez	r1,L12_LF0
   63  000010a0  54000000	nop; not filled.
   64  000010a4  33e100ff	andi	r1,r31,#0x00ff
   65  000010a8  64210041	snei	r1,r1,#65
   66  000010ac  14200008	bnez	r1,L11_LF0
   67  000010b0  54000000	nop; not filled.
   68  000010b4          	L12_LF0:
   69  000010b4  20020001	addi	r2,r0,#1
   70  000010b8          	L11_LF0:
   71  000010b8  00020820	add	r1,r0,r2
   72  000010bc  8fa20000	lw	r2,0(r29)
   73  000010c0  8fdffff8	lw	r31,-8(r30)
   74  000010c4  001ee820	add	r29,r0,r30
   75  000010c8  8fdefffc	lw	r30,-4(r30)
   76  000010cc  4be00000	jr	r31
   77  000010d0  54000000	nop
   78  000010d4          	.endproc _isxdigit
   79  000010d4          	.data
   80  00003000          	.align 2
   81  00003000          	LC0_LF0:
   82  00003000  48656c6c	.ascii "Hello World\000"
   82  00003004  6f20576f	
   82  00003008  726c6400	
   83  0000300c          	.align 2
   84  0000300c          	LC1_LF0:
   85  0000300c  55736167	.ascii "Usage: \000"
   85  00003010  653a2000	
   86  00003014          	.align 2
   87  00003014          	LC2_LF0:
   88  00003014  203c6861	.ascii " <handle_to_shared_memory_page> <handle_to_page_mapped_semaphore>\n\000"
   88  00003018  6e646c65	
   88  0000301c  5f746f5f	
   88  00003020  73686172	
   88  00003024  65645f6d	
   88  00003028  656d6f72	
   88  0000302c  795f7061	
   88  00003030  67653e20	
   88  00003034  3c68616e	
   88  00003038  646c655f	
   88  0000303c  746f5f70	
   88  00003040  6167655f	
   88  00003044  6d617070	
   88  00003048  65645f73	
   88  0000304c  656d6170	
   88  00003050  686f7265	
   88  00003054  3e0a00  	
   89  00003057          	.align 2
   90  00003058          	LC3_LF0:
   91  00003058  436f756c	.ascii "Could not map the virtual address to the memory in \000"
   91  0000305c  64206e6f	
   91  00003060  74206d61	
   91  00003064  70207468	
   91  00003068  65207669	
   91  0000306c  72747561	
   91  00003070  6c206164	
   91  00003074  64726573	
   91  00003078  7320746f	
   91  0000307c  20746865	
   91  00003080  206d656d	
   91  00003084  6f727920	
   91  00003088  696e2000	
   92  0000308c          	.align 2
   93  0000308c          	LC4_LF0:
   94  0000308c  2c206578	.ascii ", exiting...\n\000"
   94  00003090  6974696e	
   94  00003094  672e2e2e	
   94  00003098  0a00    	
   95  0000309a          	.align 2
   96  0000309c          	LC5_LF0:
   97  0000309c  70726f64	.ascii "producer: This is one of the %d instances you created.  \000"
   97  000030a0  75636572	
   97  000030a4  3a205468	
   97  000030a8  69732069	
   97  000030ac  73206f6e	
   97  000030b0  65206f66	
   97  000030b4  20746865	
   97  000030b8  20256420	
   97  000030bc  696e7374	
   97  000030c0  616e6365	
   97  000030c4  7320796f	
   97  000030c8  75206372	
   97  000030cc  65617465	
   97  000030d0  642e2020	
   97  000030d4  00      	
   98  000030d5          	.align 2
   99  000030d8          	LC6_LF0:
  100  000030d8  70726f64	.ascii "producer: My PID is %d\n\000"
  100  000030dc  75636572	
  100  000030e0  3a204d79	
  100  000030e4  20504944	
  100  000030e8  20697320	
  100  000030ec  25640a00	
  101  000030f0          	.align 2
  102  000030f0          	LC7_LF0:
  103  000030f0  50726f64	.ascii "Producer %d inserted: %c\n\000"
  103  000030f4  75636572	
  103  000030f8  20256420	
  103  000030fc  696e7365	
  103  00003100  72746564	
  103  00003104  3a202563	
  103  00003108  0a00    	
  104  0000310a          	.align 2
  105  0000310c          	LC8_LF0:
  106  0000310c  70726f64	.ascii "producer: PID %d is complete.\n\000"
  106  00003110  75636572	
  106  00003114  3a205049	
  106  00003118  44202564	
  106  0000311c  20697320	
  106  00003120  636f6d70	
  106  00003124  6c657465	
  106  00003128  2e0a00  	
  107  0000312b          	.align 2
  108  0000312c          	LC9_LF0:
  109  0000312c  42616420	.ascii "Bad semaphore s_procs_completed (%d) in \000"
  109  00003130  73656d61	
  109  00003134  70686f72	
  109  00003138  6520735f	
  109  0000313c  70726f63	
  109  00003140  735f636f	
  109  00003144  6d706c65	
  109  00003148  74656420	
  109  0000314c  28256429	
  109  00003150  20696e20	
  109  00003154  00      	
  110  00003155          	.text
  111  000010d4          	.align 2
  112  000010d4          	.proc _main
  113  000010d4          	.global _main
  114  000010d4          	_main:
  115                      ;  Function 'main'; 16 bytes of locals, 0 regs to save.
  116  000010d4  afbefffc	sw	-4(r29),r30; push fp
  117  000010d8  001df020	add	r30,r0,r29; fp = sp
  118  000010dc  afbffff8	sw	-8(r29),r31; push ret addr
  119  000010e0  2fbd0018	subui	r29,r29,#24; alloc local storage
  120  000010e4  8fc20000	lw	r2,(r30)
  121  000010e8  8fc60004	lw	r6,4(r30)
  122  000010ec  0c001128	jal	___main
  123  000010f0  54000000	nop; not filled.
  124  000010f4  3c010000	lhi	r1,((LC0_LF0)>>16)&0xffff
  125  000010f8  24213000	addui	r1,r1,(LC0_LF0)&0xffff
  126  000010fc  80280000	lb	r8,(r1)
  127  00001100  a3c8ffe8	sb	-24(r30),r8
  128  00001104  80280001	lb	r8,1(r1)
  129  00001108  a3c8ffe9	sb	-23(r30),r8
  130  0000110c  80280002	lb	r8,2(r1)
  131  00001110  a3c8ffea	sb	-22(r30),r8
  132  00001114  80280003	lb	r8,3(r1)
  133  00001118  a3c8ffeb	sb	-21(r30),r8
  134  0000111c  80280004	lb	r8,4(r1)
  135  00001120  a3c8ffec	sb	-20(r30),r8
  136  00001124  80280005	lb	r8,5(r1)
  137  00001128  a3c8ffed	sb	-19(r30),r8
  138  0000112c  80280006	lb	r8,6(r1)
  139  00001130  a3c8ffee	sb	-18(r30),r8
  140  00001134  80280007	lb	r8,7(r1)
  141  00001138  a3c8ffef	sb	-17(r30),r8
  142  0000113c  80280008	lb	r8,8(r1)
  143  00001140  a3c8fff0	sb	-16(r30),r8
  144  00001144  80280009	lb	r8,9(r1)
  145  00001148  a3c8fff1	sb	-15(r30),r8
  146  0000114c  8028000a	lb	r8,10(r1)
  147  00001150  a3c8fff2	sb	-14(r30),r8
  148  00001154  8021000b	lb	r1,11(r1)
  149  00001158  a3c1fff3	sb	-13(r30),r1
  150  0000115c  64410003	snei	r1,r2,#3
  151  00001160  1020004c	beqz	r1,L14_LF0
  152  00001164  54000000	nop; not filled.
  153  00001168  23bdfff8	addi	r29,r29,#-8
  154  0000116c  3c080000	lhi	r8,((LC1_LF0)>>16)&0xffff
  155  00001170  2508300c	addui	r8,r8,(LC1_LF0)&0xffff
  156  00001174  afa80000	sw	(r29),r8
  157  00001178  0c000294	jal	_Printf
  158  0000117c  54000000	nop; not filled.
  159  00001180  8cc80000	lw	r8,(r6)
  160  00001184  afa80000	sw	(r29),r8
  161  00001188  0c000284	jal	_Printf
  162  0000118c  54000000	nop; not filled.
  163  00001190  3c080000	lhi	r8,((LC2_LF0)>>16)&0xffff
  164  00001194  25083014	addui	r8,r8,(LC2_LF0)&0xffff
  165  00001198  afa80000	sw	(r29),r8
  166  0000119c  0c000270	jal	_Printf
  167  000011a0  54000000	nop; not filled.
  168  000011a4  0c00031c	jal	_Exit
  169  000011a8  54000000	nop; not filled.
  170  000011ac  23bd0008	addi	r29,r29,#8
  171  000011b0          	L14_LF0:
  172  000011b0  23bdfff0	addi	r29,r29,#-16
  173  000011b4  8cc80004	lw	r8,4(r6)
  174  000011b8  afa80000	sw	(r29),r8
  175  000011bc  20080000	addi	r8,r0,#0
  176  000011c0  afa80004	sw	4(r29),r8
  177  000011c4  2008000a	addi	r8,r0,#10
  178  000011c8  afa80008	sw	8(r29),r8
  179  000011cc  0c000ba0	jal	_dstrtol
  180  000011d0  54000000	nop; not filled.
  181  000011d4  00011020	add	r2,r0,r1
  182  000011d8  8cc80008	lw	r8,8(r6)
  183  000011dc  afa80000	sw	(r29),r8
  184  000011e0  20080000	addi	r8,r0,#0
  185  000011e4  afa80004	sw	4(r29),r8
  186  000011e8  2008000a	addi	r8,r0,#10
  187  000011ec  afa80008	sw	8(r29),r8
  188  000011f0  0c000b7c	jal	_dstrtol
  189  000011f4  54000000	nop; not filled.
  190  000011f8  00013820	add	r7,r0,r1
  191  000011fc  afa20000	sw	(r29),r2
  192  00001200  0c00023c	jal	_shmat
  193  00001204  54000000	nop; not filled.
  194  00001208  00011820	add	r3,r0,r1
  195  0000120c  23bd0010	addi	r29,r29,#16
  196  00001210  64610000	snei	r1,r3,#0
  197  00001214  1420004c	bnez	r1,L15_LF0
  198  00001218  54000000	nop; not filled.
  199  0000121c  23bdfff8	addi	r29,r29,#-8
  200  00001220  3c080000	lhi	r8,((LC3_LF0)>>16)&0xffff
  201  00001224  25083058	addui	r8,r8,(LC3_LF0)&0xffff
  202  00001228  afa80000	sw	(r29),r8
  203  0000122c  0c0001e0	jal	_Printf
  204  00001230  54000000	nop; not filled.
  205  00001234  8cc80000	lw	r8,(r6)
  206  00001238  afa80000	sw	(r29),r8
  207  0000123c  0c0001d0	jal	_Printf
  208  00001240  54000000	nop; not filled.
  209  00001244  3c080000	lhi	r8,((LC4_LF0)>>16)&0xffff
  210  00001248  2508308c	addui	r8,r8,(LC4_LF0)&0xffff
  211  0000124c  afa80000	sw	(r29),r8
  212  00001250  0c0001bc	jal	_Printf
  213  00001254  54000000	nop; not filled.
  214  00001258  0c000268	jal	_Exit
  215  0000125c  54000000	nop; not filled.
  216  00001260  23bd0008	addi	r29,r29,#8
  217  00001264          	L15_LF0:
  218  00001264  23bdfff8	addi	r29,r29,#-8
  219  00001268  3c080000	lhi	r8,((LC5_LF0)>>16)&0xffff
  220  0000126c  2508309c	addui	r8,r8,(LC5_LF0)&0xffff
  221  00001270  afa80000	sw	(r29),r8
  222  00001274  8c610000	lw	r1,(r3)
  223  00001278  afa10004	sw	4(r29),r1
  224  0000127c  0c000190	jal	_Printf
  225  00001280  54000000	nop; not filled.
  226  00001284  0c000194	jal	_Getpid
  227  00001288  54000000	nop; not filled.
  228  0000128c  3c080000	lhi	r8,((LC6_LF0)>>16)&0xffff
  229  00001290  250830d8	addui	r8,r8,(LC6_LF0)&0xffff
  230  00001294  afa80000	sw	(r29),r8
  231  00001298  afa10004	sw	4(r29),r1
  232  0000129c  0c000170	jal	_Printf
  233  000012a0  54000000	nop; not filled.
  234  000012a4  23bd0008	addi	r29,r29,#8
  235  000012a8  23c4ffe8	addi	r4,r30,#-24
  236  000012ac  23c5fff3	addi	r5,r30,#-13
  237  000012b0          	L19_LF0:
  238  000012b0  8c610008	lw	r1,8(r3)
  239  000012b4  203f0001	addi	r31,r1,#1
  240  000012b8  8c610010	lw	r1,16(r3)
  241  000012bc  03e1082d	sge	r1,r31,r1
  242  000012c0  10200010	beqz	r1,L20_LF0
  243  000012c4  54000000	nop; not filled.
  244  000012c8  201f0000	addi	r31,r0,#0
  245  000012cc  20080000	addi	r8,r0,#0
  246  000012d0  ac680008	sw	8(r3),r8
  247  000012d4          	L20_LF0:
  248  000012d4  8c620004	lw	r2,4(r3)
  249  000012d8  8c610008	lw	r1,8(r3)
  250  000012dc  00410820	add	r1,r2,r1
  251  000012e0  80880000	lb	r8,(r4)
  252  000012e4  a0280000	sb	(r1),r8
  253  000012e8  ac7f0008	sw	8(r3),r31
  254  000012ec  0c00012c	jal	_Getpid
  255  000012f0  54000000	nop; not filled.
  256  000012f4  8c620004	lw	r2,4(r3)
  257  000012f8  8c610008	lw	r1,8(r3)
  258  000012fc  00410820	add	r1,r2,r1
  259  00001300  90210000	lbu	r1,(r1)
  260  00001304  23bdfff8	addi	r29,r29,#-8
  261  00001308  3c080000	lhi	r8,((LC7_LF0)>>16)&0xffff
  262  0000130c  250830f0	addui	r8,r8,(LC7_LF0)&0xffff
  263  00001310  afa80000	sw	(r29),r8
  264  00001314  afa10004	sw	4(r29),r1
  265  00001318  0c0000f4	jal	_Printf
  266  0000131c  54000000	nop; not filled.
  267  00001320  23bd0008	addi	r29,r29,#8
  268  00001324  20840001	addi	r4,r4,#1
  269  00001328  0085082c	sle	r1,r4,r5
  270  0000132c  1420ff80	bnez	r1,L19_LF0
  271  00001330  54000000	nop; not filled.
  272  00001334  0c0000e4	jal	_Getpid
  273  00001338  54000000	nop; not filled.
  274  0000133c  23bdfff8	addi	r29,r29,#-8
  275  00001340  3c080000	lhi	r8,((LC8_LF0)>>16)&0xffff
  276  00001344  2508310c	addui	r8,r8,(LC8_LF0)&0xffff
  277  00001348  afa80000	sw	(r29),r8
  278  0000134c  afa10004	sw	4(r29),r1
  279  00001350  0c0000bc	jal	_Printf
  280  00001354  54000000	nop; not filled.
  281  00001358  afa70000	sw	(r29),r7
  282  0000135c  0c000104	jal	_sem_signal
  283  00001360  54000000	nop; not filled.
  284  00001364  23bd0008	addi	r29,r29,#8
  285  00001368  64210001	snei	r1,r1,#1
  286  0000136c  10200050	beqz	r1,L22_LF0
  287  00001370  54000000	nop; not filled.
  288  00001374  23bdfff8	addi	r29,r29,#-8
  289  00001378  3c080000	lhi	r8,((LC9_LF0)>>16)&0xffff
  290  0000137c  2508312c	addui	r8,r8,(LC9_LF0)&0xffff
  291  00001380  afa80000	sw	(r29),r8
  292  00001384  afa70004	sw	4(r29),r7
  293  00001388  0c000084	jal	_Printf
  294  0000138c  54000000	nop; not filled.
  295  00001390  8cc60000	lw	r6,(r6)
  296  00001394  afa60000	sw	(r29),r6
  297  00001398  0c000074	jal	_Printf
  298  0000139c  54000000	nop; not filled.
  299  000013a0  3c080000	lhi	r8,((LC4_LF0)>>16)&0xffff
  300  000013a4  2508308c	addui	r8,r8,(LC4_LF0)&0xffff
  301  000013a8  afa80000	sw	(r29),r8
  302  000013ac  0c000060	jal	_Printf
  303  000013b0  54000000	nop; not filled.
  304  000013b4  0c00010c	jal	_Exit
  305  000013b8  54000000	nop; not filled.
  306  000013bc  23bd0008	addi	r29,r29,#8
  307  000013c0          	L22_LF0:
  308  000013c0  0c000e48	jal	_exit
  309  000013c4  54000000	nop
  310  000013c8          	.endproc _main
  311                      ;;;
  312                      ;;; Stub functions for DLX traps.
  313                      ;;;
  314                      ;;; Ethan L. Miller, 1999.  Released to the public domain.
  315                      ;;;
  316                      ;;; The traps such as Open and Close
  317                      ;;; (note the capital letters) are for use by user programs.  The traps
  318                      ;;; with names such as open and close (lower case) are for use by the OS.
  319                      ;;;
  322  000013c8          	.align 2
  324                      ;;; The following are the traps to be used by user-level programs
  325                      ;;;
  327  000013c8          	.align 2
  328  000013c8          	.proc _Open
  329  000013c8          	.global _Open
  330  000013c8          	_Open:
  331                      ;;; Note that trap #0x213 actually causes a trap vector in the OS of
  332                      ;;; 0x1213.  The same is true for other user traps.  Thus, a user trap
  333                      ;;; with trap #0x240 will result in a trap vector of 0x1240 in the OS.
  334  000013c8  44000213	trap	#0x213
  335  000013cc  4be00000	jr	r31
  336  000013d0  54000000	nop
  337  000013d4          	.endproc _Open
  339  000013d4          	.proc _Close
  340  000013d4          	.global _Close
  341  000013d4          	_Close:
  342  000013d4  44000214	trap	#0x214
  343  000013d8  4be00000	jr	r31
  344  000013dc  54000000	nop
  345  000013e0          	.endproc _Close
  347  000013e0          	.proc _Read
  348  000013e0          	.global _Read
  349  000013e0          	_Read:
  350  000013e0  44000210	trap	#0x210
  351  000013e4  4be00000	jr	r31
  352  000013e8  54000000	nop
  353  000013ec          	.endproc _Read
  355  000013ec          	.proc _Write
  356  000013ec          	.global _Write
  357  000013ec          	_Write:
  358  000013ec  44000211	trap	#0x211
  359  000013f0  4be00000	jr	r31
  360  000013f4  54000000	nop
  361  000013f8          	.endproc _Write
  363  000013f8          	.proc _Lseek
  364  000013f8          	.global _Lseek
  365  000013f8          	_Lseek:
  366  000013f8  44000212	trap	#0x212
  367  000013fc  4be00000	jr	r31
  368  00001400  54000000	nop
  369  00001404          	.endproc _Lseek
  371  00001404          	.proc _Putchar
  372  00001404          	.global _Putchar
  373  00001404          	_Putchar:
  374  00001404  44000280	trap	#0x280
  375  00001408  4be00000	jr	r31
  376  0000140c  54000000	nop
  377  00001410          	.endproc _Putchar
  379  00001410          	.proc _Printf
  380  00001410          	.global _Printf
  381  00001410          	_Printf:
  382  00001410  44000201	trap	#0x201
  383  00001414  4be00000	jr	r31
  384  00001418  54000000	nop
  385  0000141c          	.endproc _Printf
  387  0000141c          	.proc _Getpid
  388  0000141c          	.global _Getpid
  389  0000141c          	_Getpid:
  390  0000141c  44000431	trap	#0x431
  391  00001420  4be00000	jr	r31
  392  00001424  54000000	nop
  393  00001428          	.endproc _Getpid
  395  00001428          	.proc _process_create
  396  00001428          	.global _process_create
  397  00001428          	_process_create:
  398  00001428  44000432	trap	#0x432
  399  0000142c  4be00000	jr	r31
  400  00001430  54000000	nop
  401  00001434          	.endproc _process_create
  403  00001434          	.proc _shmget
  404  00001434          	.global _shmget
  405  00001434          	_shmget:
  406  00001434  44000440	trap	#0x440
  407  00001438  4be00000	jr	r31
  408  0000143c  54000000	nop
  409  00001440          	.endproc _shmget
  411  00001440          	.proc _shmat
  412  00001440          	.global _shmat
  413  00001440          	_shmat:
  414  00001440  44000441	trap	#0x441
  415  00001444  4be00000	jr	r31
  416  00001448  54000000	nop
  417  0000144c          	.endproc _shmat
  419  0000144c          	.proc _sem_create
  420  0000144c          	.global _sem_create
  421  0000144c          	_sem_create:
  422  0000144c  44000450	trap	#0x450
  423  00001450  4be00000	jr	r31
  424  00001454  54000000	nop
  425  00001458          	.endproc _sem_create
  427  00001458          	.proc _sem_wait
  428  00001458          	.global _sem_wait
  429  00001458          	_sem_wait:
  430  00001458  44000451	trap	#0x451
  431  0000145c  4be00000	jr	r31
  432  00001460  54000000	nop
  433  00001464          	.endproc _sem_wait
  435  00001464          	.proc _sem_signal
  436  00001464          	.global _sem_signal
  437  00001464          	_sem_signal:
  438  00001464  44000452	trap	#0x452
  439  00001468  4be00000	jr	r31
  440  0000146c  54000000	nop
  441  00001470          	.endproc _sem_signal
  443  00001470          	.proc _lock_create
  444  00001470          	.global _lock_create
  445  00001470          	_lock_create:
  446  00001470  44000453	trap	#0x453
  447  00001474  4be00000	jr	r31
  448  00001478  54000000	nop
  449  0000147c          	.endproc _lock_create
  451  0000147c          	.proc _lock_acquire
  452  0000147c          	.global _lock_acquire
  453  0000147c          	_lock_acquire:
  454  0000147c  44000454	trap	#0x454
  455  00001480  4be00000	jr	r31
  456  00001484  54000000	nop
  457  00001488          	.endproc _lock_acquire
  459  00001488          	.proc _lock_release
  460  00001488          	.global _lock_release
  461  00001488          	_lock_release:
  462  00001488  44000455	trap	#0x455
  463  0000148c  4be00000	jr	r31
  464  00001490  54000000	nop
  465  00001494          	.endproc _lock_release
  467  00001494          	.proc _cond_create
  468  00001494          	.global _cond_create
  469  00001494          	_cond_create:
  470  00001494  44000456	trap	#0x456
  471  00001498  4be00000	jr	r31
  472  0000149c  54000000	nop
  473  000014a0          	.endproc _cond_create
  475  000014a0          	.proc _cond_wait
  476  000014a0          	.global _cond_wait
  477  000014a0          	_cond_wait:
  478  000014a0  44000457	trap	#0x457
  479  000014a4  4be00000	jr	r31
  480  000014a8  54000000	nop
  481  000014ac          	.endproc _cond_wait
  483  000014ac          	.proc _cond_signal
  484  000014ac          	.global _cond_signal
  485  000014ac          	_cond_signal:
  486  000014ac  44000458	trap	#0x458
  487  000014b0  4be00000	jr	r31
  488  000014b4  54000000	nop
  489  000014b8          	.endproc _cond_signal
  491  000014b8          	.proc _cond_broadcast
  492  000014b8          	.global _cond_broadcast
  493  000014b8          	_cond_broadcast:
  494  000014b8  44000459	trap	#0x459
  495  000014bc  4be00000	jr	r31
  496  000014c0  54000000	nop
  497  000014c4          	.endproc _cond_broadcast
  499  000014c4          	.proc _Exit
  500  000014c4          	.global _Exit
  501  000014c4          	_Exit:
  502  000014c4  44000500	trap	#0x500
  503  000014c8  4be00000	jr	r31
  504  000014cc  54000000	nop
  505  000014d0          	.endproc _Exit
  506                      ; Compiled by GCC
  508  000014d0          	.align 2
  509  000014d0          	.proc _isspace
  510  000014d0          	.global _isspace
  511  000014d0          	_isspace:
  512                      ;  Function 'isspace'; 0 bytes of locals, 3 regs to save.
  513  000014d0  afbefffc	sw	-4(r29),r30; push fp
  514  000014d4  001df020	add	r30,r0,r29; fp = sp
  515  000014d8  afbffff8	sw	-8(r29),r31; push ret addr
  516  000014dc  2fbd0018	subui	r29,r29,#24; alloc local storage
  517  000014e0  afa20000	sw	0(r29),r2
  518  000014e4  afa30004	sw	4(r29),r3
  519  000014e8  afa40008	sw	8(r29),r4
  520  000014ec  83c20003	lb	r2,3(r30)
  521  000014f0  20010000	addi	r1,r0,#0
  522  000014f4  304300ff	andi	r3,r2,#0x00ff
  523  000014f8  60640020	seqi	r4,r3,#32
  524  000014fc  1480002c	bnez	r4,L3_LF2
  525  00001500  54000000	nop; delay slot nop
  526  00001504  304300ff	andi	r3,r2,#0x00ff
  527  00001508  60640009	seqi	r4,r3,#9
  528  0000150c  1480001c	bnez	r4,L3_LF2
  529  00001510  54000000	nop; delay slot nop
  530  00001514  304300ff	andi	r3,r2,#0x00ff
  531  00001518  6064000a	seqi	r4,r3,#10
  532  0000151c  1480000c	bnez	r4,L3_LF2
  533  00001520  54000000	nop; delay slot nop
  534  00001524  08000008	j	L2_LF2
  535  00001528  54000000	nop; delay slot nop
  536  0000152c          	L3_LF2:
  537  0000152c  20010001	addi	r1,r0,#1
  538  00001530          	L2_LF2:
  539  00001530  08000004	j	L1_LF2
  540  00001534  54000000	nop; delay slot nop
  541  00001538          	L1_LF2:
  542  00001538  8fa20000	lw	r2,0(r29)
  543  0000153c  8fa30004	lw	r3,4(r29)
  544  00001540  8fa40008	lw	r4,8(r29)
  545  00001544  8fdffff8	lw	r31,-8(r30)
  546  00001548  001ee820	add	r29,r0,r30
  547  0000154c  8fdefffc	lw	r30,-4(r30)
  548  00001550  4be00000	jr	r31
  549  00001554  54000000	nop
  550  00001558          	.endproc _isspace
  551  00001558          	.align 2
  552  00001558          	.proc _isxdigit
  553  00001558          	.global _isxdigit
  554  00001558          	_isxdigit:
  555                      ;  Function 'isxdigit'; 0 bytes of locals, 3 regs to save.
  556  00001558  afbefffc	sw	-4(r29),r30; push fp
  557  0000155c  001df020	add	r30,r0,r29; fp = sp
  558  00001560  afbffff8	sw	-8(r29),r31; push ret addr
  559  00001564  2fbd0018	subui	r29,r29,#24; alloc local storage
  560  00001568  afa20000	sw	0(r29),r2
  561  0000156c  afa30004	sw	4(r29),r3
  562  00001570  afa40008	sw	8(r29),r4
  563  00001574  83c20003	lb	r2,3(r30)
  564  00001578  20010000	addi	r1,r0,#0
  565  0000157c  304300ff	andi	r3,r2,#0x00ff
  566  00001580  6c64002f	sgtui	r4,r3,#47
  567  00001584  1080001c	beqz	r4,L7_LF2
  568  00001588  54000000	nop; delay slot nop
  569  0000158c  304300ff	andi	r3,r2,#0x00ff
  570  00001590  70640039	sleui	r4,r3,#57
  571  00001594  1480005c	bnez	r4,L6_LF2
  572  00001598  54000000	nop; delay slot nop
  573  0000159c  08000004	j	L7_LF2
  574  000015a0  54000000	nop; delay slot nop
  575  000015a4          	L7_LF2:
  576  000015a4  304300ff	andi	r3,r2,#0x00ff
  577  000015a8  6c640060	sgtui	r4,r3,#96
  578  000015ac  1080001c	beqz	r4,L8_LF2
  579  000015b0  54000000	nop; delay slot nop
  580  000015b4  304300ff	andi	r3,r2,#0x00ff
  581  000015b8  70640066	sleui	r4,r3,#102
  582  000015bc  14800034	bnez	r4,L6_LF2
  583  000015c0  54000000	nop; delay slot nop
  584  000015c4  08000004	j	L8_LF2
  585  000015c8  54000000	nop; delay slot nop
  586  000015cc          	L8_LF2:
  587  000015cc  304300ff	andi	r3,r2,#0x00ff
  588  000015d0  6c640040	sgtui	r4,r3,#64
  589  000015d4  10800020	beqz	r4,L5_LF2
  590  000015d8  54000000	nop; delay slot nop
  591  000015dc  304300ff	andi	r3,r2,#0x00ff
  592  000015e0  70640041	sleui	r4,r3,#65
  593  000015e4  1480000c	bnez	r4,L6_LF2
  594  000015e8  54000000	nop; delay slot nop
  595  000015ec  08000008	j	L5_LF2
  596  000015f0  54000000	nop; delay slot nop
  597  000015f4          	L6_LF2:
  598  000015f4  20010001	addi	r1,r0,#1
  599  000015f8          	L5_LF2:
  600  000015f8  08000004	j	L4_LF2
  601  000015fc  54000000	nop; delay slot nop
  602  00001600          	L4_LF2:
  603  00001600  8fa20000	lw	r2,0(r29)
  604  00001604  8fa30004	lw	r3,4(r29)
  605  00001608  8fa40008	lw	r4,8(r29)
  606  0000160c  8fdffff8	lw	r31,-8(r30)
  607  00001610  001ee820	add	r29,r0,r30
  608  00001614  8fdefffc	lw	r30,-4(r30)
  609  00001618  4be00000	jr	r31
  610  0000161c  54000000	nop
  611  00001620          	.endproc _isxdigit
  612  00001620          	.align 2
  613  00001620          	.proc _dstrcpy
  614  00001620          	.global _dstrcpy
  615  00001620          	_dstrcpy:
  616                      ;  Function 'dstrcpy'; 8 bytes of locals, 2 regs to save.
  617  00001620  afbefffc	sw	-4(r29),r30; push fp
  618  00001624  001df020	add	r30,r0,r29; fp = sp
  619  00001628  afbffff8	sw	-8(r29),r31; push ret addr
  620  0000162c  2fbd0018	subui	r29,r29,#24; alloc local storage
  621  00001630  afa20000	sw	0(r29),r2
  622  00001634  afa30004	sw	4(r29),r3
  623  00001638  8fc10000	lw	r1,(r30)
  624  0000163c  afc1fff4	sw	-12(r30),r1
  625  00001640          	L10_LF2:
  626  00001640  8fc10000	lw	r1,(r30)
  627  00001644  20220001	addi	r2,r1,#1
  628  00001648  afc20000	sw	(r30),r2
  629  0000164c  8fc20004	lw	r2,4(r30)
  630  00001650  20430001	addi	r3,r2,#1
  631  00001654  afc30004	sw	4(r30),r3
  632  00001658  80420000	lb	r2,(r2)
  633  0000165c  a0220000	sb	(r1),r2
  634  00001660  a3c2fff3	sb	-13(r30),r2
  635  00001664          	L12_LF2:
  636  00001664  93c1fff3	lbu	r1,-13(r30)
  637  00001668  64220000	snei	r2,r1,#0
  638  0000166c  1440000c	bnez	r2,L13_LF2
  639  00001670  54000000	nop; delay slot nop
  640  00001674  0800000c	j	L11_LF2
  641  00001678  54000000	nop; delay slot nop
  642  0000167c          	L13_LF2:
  643  0000167c  0bffffc0	j	L10_LF2
  644  00001680  54000000	nop; delay slot nop
  645  00001684          	L11_LF2:
  646  00001684  8fc1fff4	lw	r1,-12(r30)
  647  00001688  08000004	j	L9_LF2
  648  0000168c  54000000	nop; delay slot nop
  649  00001690          	L9_LF2:
  650  00001690  8fa20000	lw	r2,0(r29)
  651  00001694  8fa30004	lw	r3,4(r29)
  652  00001698  8fdffff8	lw	r31,-8(r30)
  653  0000169c  001ee820	add	r29,r0,r30
  654  000016a0  8fdefffc	lw	r30,-4(r30)
  655  000016a4  4be00000	jr	r31
  656  000016a8  54000000	nop
  657  000016ac          	.endproc _dstrcpy
  658  000016ac          	.align 2
  659  000016ac          	.proc _dstrncpy
  660  000016ac          	.global _dstrncpy
  661  000016ac          	_dstrncpy:
  662                      ;  Function 'dstrncpy'; 8 bytes of locals, 2 regs to save.
  663  000016ac  afbefffc	sw	-4(r29),r30; push fp
  664  000016b0  001df020	add	r30,r0,r29; fp = sp
  665  000016b4  afbffff8	sw	-8(r29),r31; push ret addr
  666  000016b8  2fbd0018	subui	r29,r29,#24; alloc local storage
  667  000016bc  afa20000	sw	0(r29),r2
  668  000016c0  afa30004	sw	4(r29),r3
  669  000016c4  8fc10000	lw	r1,(r30)
  670  000016c8  afc1fff4	sw	-12(r30),r1
  671  000016cc          	L15_LF2:
  672  000016cc  8fc10008	lw	r1,8(r30)
  673  000016d0  2022ffff	addi	r2,r1,#-1
  674  000016d4  afc20008	sw	8(r30),r2
  675  000016d8  70210000	slei	r1,r1,#0
  676  000016dc  1020000c	beqz	r1,L18_LF2
  677  000016e0  54000000	nop; delay slot nop
  678  000016e4  08000048	j	L16_LF2
  679  000016e8  54000000	nop; delay slot nop
  680  000016ec          	L18_LF2:
  681  000016ec  8fc10000	lw	r1,(r30)
  682  000016f0  20220001	addi	r2,r1,#1
  683  000016f4  afc20000	sw	(r30),r2
  684  000016f8  8fc20004	lw	r2,4(r30)
  685  000016fc  20430001	addi	r3,r2,#1
  686  00001700  afc30004	sw	4(r30),r3
  687  00001704  80420000	lb	r2,(r2)
  688  00001708  a0220000	sb	(r1),r2
  689  0000170c  a3c2fff3	sb	-13(r30),r2
  690  00001710          	L17_LF2:
  691  00001710  93c1fff3	lbu	r1,-13(r30)
  692  00001714  64220000	snei	r2,r1,#0
  693  00001718  1440000c	bnez	r2,L19_LF2
  694  0000171c  54000000	nop; delay slot nop
  695  00001720  0800000c	j	L16_LF2
  696  00001724  54000000	nop; delay slot nop
  697  00001728          	L19_LF2:
  698  00001728  0bffffa0	j	L15_LF2
  699  0000172c  54000000	nop; delay slot nop
  700  00001730          	L16_LF2:
  701  00001730  8fc1fff4	lw	r1,-12(r30)
  702  00001734  08000004	j	L14_LF2
  703  00001738  54000000	nop; delay slot nop
  704  0000173c          	L14_LF2:
  705  0000173c  8fa20000	lw	r2,0(r29)
  706  00001740  8fa30004	lw	r3,4(r29)
  707  00001744  8fdffff8	lw	r31,-8(r30)
  708  00001748  001ee820	add	r29,r0,r30
  709  0000174c  8fdefffc	lw	r30,-4(r30)
  710  00001750  4be00000	jr	r31
  711  00001754  54000000	nop
  712  00001758          	.endproc _dstrncpy
  713  00001758          	.align 2
  714  00001758          	.proc _dstrcat
  715  00001758          	.global _dstrcat
  716  00001758          	_dstrcat:
  717                      ;  Function 'dstrcat'; 8 bytes of locals, 1 regs to save.
  718  00001758  afbefffc	sw	-4(r29),r30; push fp
  719  0000175c  001df020	add	r30,r0,r29; fp = sp
  720  00001760  afbffff8	sw	-8(r29),r31; push ret addr
  721  00001764  2fbd0018	subui	r29,r29,#24; alloc local storage
  722  00001768  afa20000	sw	0(r29),r2
  723  0000176c  8fc10000	lw	r1,(r30)
  724  00001770  afc1fff4	sw	-12(r30),r1
  725  00001774          	L21_LF2:
  726  00001774  8fc10000	lw	r1,(r30)
  727  00001778  90220000	lbu	r2,(r1)
  728  0000177c  64410000	snei	r1,r2,#0
  729  00001780  1420000c	bnez	r1,L23_LF2
  730  00001784  54000000	nop; delay slot nop
  731  00001788  0800001c	j	L22_LF2
  732  0000178c  54000000	nop; delay slot nop
  733  00001790          	L23_LF2:
  734  00001790  8fc20000	lw	r2,(r30)
  735  00001794  20410001	addi	r1,r2,#1
  736  00001798  00011020	add	r2,r0,r1
  737  0000179c  afc20000	sw	(r30),r2
  738  000017a0  0bffffd0	j	L21_LF2
  739  000017a4  54000000	nop; delay slot nop
  740  000017a8          	L22_LF2:
  741  000017a8  23bdfff8	addi	r29,r29,#-8
  742  000017ac  001d0820	add	r1,r0,r29
  743  000017b0  8fc20000	lw	r2,(r30)
  744  000017b4  ac220000	sw	(r1),r2
  745  000017b8  8fc20004	lw	r2,4(r30)
  746  000017bc  ac220004	sw	4(r1),r2
  747  000017c0  0ffffe5c	jal	_dstrcpy
  748  000017c4  54000000	nop; delay slot nop
  749  000017c8  23bd0008	addi	r29,r29,#8
  750  000017cc  8fc1fff4	lw	r1,-12(r30)
  751  000017d0  08000004	j	L20_LF2
  752  000017d4  54000000	nop; delay slot nop
  753  000017d8          	L20_LF2:
  754  000017d8  8fa20000	lw	r2,0(r29)
  755  000017dc  8fdffff8	lw	r31,-8(r30)
  756  000017e0  001ee820	add	r29,r0,r30
  757  000017e4  8fdefffc	lw	r30,-4(r30)
  758  000017e8  4be00000	jr	r31
  759  000017ec  54000000	nop
  760  000017f0          	.endproc _dstrcat
  761  000017f0          	.align 2
  762  000017f0          	.proc _dstrncmp
  763  000017f0          	.global _dstrncmp
  764  000017f0          	_dstrncmp:
  765                      ;  Function 'dstrncmp'; 8 bytes of locals, 2 regs to save.
  766  000017f0  afbefffc	sw	-4(r29),r30; push fp
  767  000017f4  001df020	add	r30,r0,r29; fp = sp
  768  000017f8  afbffff8	sw	-8(r29),r31; push ret addr
  769  000017fc  2fbd0018	subui	r29,r29,#24; alloc local storage
  770  00001800  afa20000	sw	0(r29),r2
  771  00001804  afa30004	sw	4(r29),r3
  772  00001808  54000000	nop
  773  0000180c  20010000	addi	r1,r0,#0
  774  00001810  afc1fff4	sw	-12(r30),r1
  775  00001814          	L25_LF2:
  776  00001814  8fc1fff4	lw	r1,-12(r30)
  777  00001818  8fc20008	lw	r2,8(r30)
  778  0000181c  0022082a	slt	r1,r1,r2
  779  00001820  1420000c	bnez	r1,L28_LF2
  780  00001824  54000000	nop; delay slot nop
  781  00001828  08000088	j	L26_LF2
  782  0000182c  54000000	nop; delay slot nop
  783  00001830          	L28_LF2:
  784  00001830  8fc10004	lw	r1,4(r30)
  785  00001834  90220000	lbu	r2,(r1)
  786  00001838  64410000	snei	r1,r2,#0
  787  0000183c  14200018	bnez	r1,L29_LF2
  788  00001840  54000000	nop; delay slot nop
  789  00001844  20010000	addi	r1,r0,#0
  790  00001848  080000d8	j	L24_LF2
  791  0000184c  54000000	nop; delay slot nop
  792  00001850  08000028	j	L30_LF2
  793  00001854  54000000	nop; delay slot nop
  794  00001858          	L29_LF2:
  795  00001858  8fc10000	lw	r1,(r30)
  796  0000185c  8fc20004	lw	r2,4(r30)
  797  00001860  90210000	lbu	r1,(r1)
  798  00001864  90420000	lbu	r2,(r2)
  799  00001868  00220829	sne	r1,r1,r2
  800  0000186c  1020000c	beqz	r1,L30_LF2
  801  00001870  54000000	nop; delay slot nop
  802  00001874  0800003c	j	L26_LF2
  803  00001878  54000000	nop; delay slot nop
  804  0000187c          	L31_LF2:
  805  0000187c          	L30_LF2:
  806  0000187c  8fc20000	lw	r2,(r30)
  807  00001880  20410001	addi	r1,r2,#1
  808  00001884  00011020	add	r2,r0,r1
  809  00001888  afc20000	sw	(r30),r2
  810  0000188c  8fc20004	lw	r2,4(r30)
  811  00001890  20410001	addi	r1,r2,#1
  812  00001894  00011020	add	r2,r0,r1
  813  00001898  afc20004	sw	4(r30),r2
  814  0000189c          	L27_LF2:
  815  0000189c  8fc2fff4	lw	r2,-12(r30)
  816  000018a0  20410001	addi	r1,r2,#1
  817  000018a4  00011020	add	r2,r0,r1
  818  000018a8  afc2fff4	sw	-12(r30),r2
  819  000018ac  0bffff64	j	L25_LF2
  820  000018b0  54000000	nop; delay slot nop
  821  000018b4          	L26_LF2:
  822  000018b4  8fc1fff4	lw	r1,-12(r30)
  823  000018b8  8fc20008	lw	r2,8(r30)
  824  000018bc  00220828	seq	r1,r1,r2
  825  000018c0  10200018	beqz	r1,L32_LF2
  826  000018c4  54000000	nop; delay slot nop
  827  000018c8  20010000	addi	r1,r0,#0
  828  000018cc  08000054	j	L24_LF2
  829  000018d0  54000000	nop; delay slot nop
  830  000018d4  0800004c	j	L33_LF2
  831  000018d8  54000000	nop; delay slot nop
  832  000018dc          	L32_LF2:
  833  000018dc  8fc20000	lw	r2,(r30)
  834  000018e0  90410000	lbu	r1,(r2)
  835  000018e4  8fc20004	lw	r2,4(r30)
  836  000018e8  90430000	lbu	r3,(r2)
  837  000018ec  00230822	sub	r1,r1,r3
  838  000018f0  74220000	sgei	r2,r1,#0
  839  000018f4  10400020	beqz	r2,L34_LF2
  840  000018f8  54000000	nop; delay slot nop
  841  000018fc  8fc10000	lw	r1,(r30)
  842  00001900  8fc20004	lw	r2,4(r30)
  843  00001904  90210000	lbu	r1,(r1)
  844  00001908  90420000	lbu	r2,(r2)
  845  0000190c  00220829	sne	r1,r1,r2
  846  00001910  08000008	j	L35_LF2
  847  00001914  54000000	nop; delay slot nop
  848  00001918          	L34_LF2:
  849  00001918  2001ffff	addi	r1,r0,#-1
  850  0000191c          	L35_LF2:
  851  0000191c  08000004	j	L24_LF2
  852  00001920  54000000	nop; delay slot nop
  853  00001924          	L33_LF2:
  854  00001924          	L24_LF2:
  855  00001924  8fa20000	lw	r2,0(r29)
  856  00001928  8fa30004	lw	r3,4(r29)
  857  0000192c  8fdffff8	lw	r31,-8(r30)
  858  00001930  001ee820	add	r29,r0,r30
  859  00001934  8fdefffc	lw	r30,-4(r30)
  860  00001938  4be00000	jr	r31
  861  0000193c  54000000	nop
  862  00001940          	.endproc _dstrncmp
  863  00001940          	.align 2
  864  00001940          	.proc _dstrlen
  865  00001940          	.global _dstrlen
  866  00001940          	_dstrlen:
  867                      ;  Function 'dstrlen'; 8 bytes of locals, 1 regs to save.
  868  00001940  afbefffc	sw	-4(r29),r30; push fp
  869  00001944  001df020	add	r30,r0,r29; fp = sp
  870  00001948  afbffff8	sw	-8(r29),r31; push ret addr
  871  0000194c  2fbd0018	subui	r29,r29,#24; alloc local storage
  872  00001950  afa20000	sw	0(r29),r2
  873  00001954  20010000	addi	r1,r0,#0
  874  00001958  afc1fff4	sw	-12(r30),r1
  875  0000195c          	L37_LF2:
  876  0000195c  8fc10000	lw	r1,(r30)
  877  00001960  20220001	addi	r2,r1,#1
  878  00001964  afc20000	sw	(r30),r2
  879  00001968  90210000	lbu	r1,(r1)
  880  0000196c  64220000	snei	r2,r1,#0
  881  00001970  1440000c	bnez	r2,L39_LF2
  882  00001974  54000000	nop; delay slot nop
  883  00001978  0800001c	j	L38_LF2
  884  0000197c  54000000	nop; delay slot nop
  885  00001980          	L39_LF2:
  886  00001980  8fc2fff4	lw	r2,-12(r30)
  887  00001984  20410001	addi	r1,r2,#1
  888  00001988  00011020	add	r2,r0,r1
  889  0000198c  afc2fff4	sw	-12(r30),r2
  890  00001990  0bffffc8	j	L37_LF2
  891  00001994  54000000	nop; delay slot nop
  892  00001998          	L38_LF2:
  893  00001998  8fc1fff4	lw	r1,-12(r30)
  894  0000199c  08000004	j	L36_LF2
  895  000019a0  54000000	nop; delay slot nop
  896  000019a4          	L36_LF2:
  897  000019a4  8fa20000	lw	r2,0(r29)
  898  000019a8  8fdffff8	lw	r31,-8(r30)
  899  000019ac  001ee820	add	r29,r0,r30
  900  000019b0  8fdefffc	lw	r30,-4(r30)
  901  000019b4  4be00000	jr	r31
  902  000019b8  54000000	nop
  903  000019bc          	.endproc _dstrlen
  904  000019bc          	.align 2
  905  000019bc          	.proc _dstrstr
  906  000019bc          	.global _dstrstr
  907  000019bc          	_dstrstr:
  908                      ;  Function 'dstrstr'; 8 bytes of locals, 1 regs to save.
  909  000019bc  afbefffc	sw	-4(r29),r30; push fp
  910  000019c0  001df020	add	r30,r0,r29; fp = sp
  911  000019c4  afbffff8	sw	-8(r29),r31; push ret addr
  912  000019c8  2fbd0018	subui	r29,r29,#24; alloc local storage
  913  000019cc  afa20000	sw	0(r29),r2
  914  000019d0  23bdfff8	addi	r29,r29,#-8
  915  000019d4  001d0820	add	r1,r0,r29
  916  000019d8  8fc20004	lw	r2,4(r30)
  917  000019dc  ac220000	sw	(r1),r2
  918  000019e0  0fffff5c	jal	_dstrlen
  919  000019e4  54000000	nop; delay slot nop
  920  000019e8  23bd0008	addi	r29,r29,#8
  921  000019ec  afc1fff4	sw	-12(r30),r1
  922  000019f0          	L41_LF2:
  923  000019f0  8fc10000	lw	r1,(r30)
  924  000019f4  90220000	lbu	r2,(r1)
  925  000019f8  64410000	snei	r1,r2,#0
  926  000019fc  1420000c	bnez	r1,L43_LF2
  927  00001a00  54000000	nop; delay slot nop
  928  00001a04  08000060	j	L42_LF2
  929  00001a08  54000000	nop; delay slot nop
  930  00001a0c          	L43_LF2:
  931  00001a0c  23bdfff0	addi	r29,r29,#-16
  932  00001a10  001d0820	add	r1,r0,r29
  933  00001a14  8fc20000	lw	r2,(r30)
  934  00001a18  ac220000	sw	(r1),r2
  935  00001a1c  8fc20004	lw	r2,4(r30)
  936  00001a20  ac220004	sw	4(r1),r2
  937  00001a24  8fc2fff4	lw	r2,-12(r30)
  938  00001a28  ac220008	sw	8(r1),r2
  939  00001a2c  0ffffdc0	jal	_dstrncmp
  940  00001a30  54000000	nop; delay slot nop
  941  00001a34  23bd0010	addi	r29,r29,#16
  942  00001a38  64220000	snei	r2,r1,#0
  943  00001a3c  14400010	bnez	r2,L44_LF2
  944  00001a40  54000000	nop; delay slot nop
  945  00001a44  8fc10000	lw	r1,(r30)
  946  00001a48  08000028	j	L40_LF2
  947  00001a4c  54000000	nop; delay slot nop
  948  00001a50          	L44_LF2:
  949  00001a50  8fc20000	lw	r2,(r30)
  950  00001a54  20410001	addi	r1,r2,#1
  951  00001a58  00011020	add	r2,r0,r1
  952  00001a5c  afc20000	sw	(r30),r2
  953  00001a60  0bffff8c	j	L41_LF2
  954  00001a64  54000000	nop; delay slot nop
  955  00001a68          	L42_LF2:
  956  00001a68  20010000	addi	r1,r0,#0
  957  00001a6c  08000004	j	L40_LF2
  958  00001a70  54000000	nop; delay slot nop
  959  00001a74          	L40_LF2:
  960  00001a74  8fa20000	lw	r2,0(r29)
  961  00001a78  8fdffff8	lw	r31,-8(r30)
  962  00001a7c  001ee820	add	r29,r0,r30
  963  00001a80  8fdefffc	lw	r30,-4(r30)
  964  00001a84  4be00000	jr	r31
  965  00001a88  54000000	nop
  966  00001a8c          	.endproc _dstrstr
  967  00001a8c          	.align 2
  968  00001a8c          	.proc _dmindex
  969  00001a8c          	.global _dmindex
  970  00001a8c          	_dmindex:
  971                      ;  Function 'dmindex'; 8 bytes of locals, 1 regs to save.
  972  00001a8c  afbefffc	sw	-4(r29),r30; push fp
  973  00001a90  001df020	add	r30,r0,r29; fp = sp
  974  00001a94  afbffff8	sw	-8(r29),r31; push ret addr
  975  00001a98  2fbd0018	subui	r29,r29,#24; alloc local storage
  976  00001a9c  afa20000	sw	0(r29),r2
  977  00001aa0  54000000	nop
  978  00001aa4          	L46_LF2:
  979  00001aa4  8fc10000	lw	r1,(r30)
  980  00001aa8  90220000	lbu	r2,(r1)
  981  00001aac  64410000	snei	r1,r2,#0
  982  00001ab0  1420000c	bnez	r1,L48_LF2
  983  00001ab4  54000000	nop; delay slot nop
  984  00001ab8  08000070	j	L47_LF2
  985  00001abc  54000000	nop; delay slot nop
  986  00001ac0          	L48_LF2:
  987  00001ac0  8fc10004	lw	r1,4(r30)
  988  00001ac4  afc1fff4	sw	-12(r30),r1
  989  00001ac8          	L49_LF2:
  990  00001ac8  8fc1fff4	lw	r1,-12(r30)
  991  00001acc  90220000	lbu	r2,(r1)
  992  00001ad0  64410000	snei	r1,r2,#0
  993  00001ad4  1420000c	bnez	r1,L52_LF2
  994  00001ad8  54000000	nop; delay slot nop
  995  00001adc  08000044	j	L50_LF2
  996  00001ae0  54000000	nop; delay slot nop
  997  00001ae4          	L52_LF2:
  998  00001ae4  8fc10000	lw	r1,(r30)
  999  00001ae8  8fc2fff4	lw	r2,-12(r30)
 1000  00001aec  90210000	lbu	r1,(r1)
 1001  00001af0  90420000	lbu	r2,(r2)
 1002  00001af4  00220828	seq	r1,r1,r2
 1003  00001af8  10200010	beqz	r1,L51_LF2
 1004  00001afc  54000000	nop; delay slot nop
 1005  00001b00  8fc10000	lw	r1,(r30)
 1006  00001b04  08000030	j	L45_LF2
 1007  00001b08  54000000	nop; delay slot nop
 1008  00001b0c          	L53_LF2:
 1009  00001b0c          	L51_LF2:
 1010  00001b0c  8fc2fff4	lw	r2,-12(r30)
 1011  00001b10  20410001	addi	r1,r2,#1
 1012  00001b14  00011020	add	r2,r0,r1
 1013  00001b18  afc2fff4	sw	-12(r30),r2
 1014  00001b1c  0bffffa8	j	L49_LF2
 1015  00001b20  54000000	nop; delay slot nop
 1016  00001b24          	L50_LF2:
 1017  00001b24  0bffff7c	j	L46_LF2
 1018  00001b28  54000000	nop; delay slot nop
 1019  00001b2c          	L47_LF2:
 1020  00001b2c  20010000	addi	r1,r0,#0
 1021  00001b30  08000004	j	L45_LF2
 1022  00001b34  54000000	nop; delay slot nop
 1023  00001b38          	L45_LF2:
 1024  00001b38  8fa20000	lw	r2,0(r29)
 1025  00001b3c  8fdffff8	lw	r31,-8(r30)
 1026  00001b40  001ee820	add	r29,r0,r30
 1027  00001b44  8fdefffc	lw	r30,-4(r30)
 1028  00001b48  4be00000	jr	r31
 1029  00001b4c  54000000	nop
 1030  00001b50          	.endproc _dmindex
 1031  00001b50          	.align 2
 1032  00001b50          	.proc _dindex
 1033  00001b50          	.global _dindex
 1034  00001b50          	_dindex:
 1035                      ;  Function 'dindex'; 0 bytes of locals, 1 regs to save.
 1036  00001b50  afbefffc	sw	-4(r29),r30; push fp
 1037  00001b54  001df020	add	r30,r0,r29; fp = sp
 1038  00001b58  afbffff8	sw	-8(r29),r31; push ret addr
 1039  00001b5c  2fbd0010	subui	r29,r29,#16; alloc local storage
 1040  00001b60  afa20000	sw	0(r29),r2
 1041  00001b64  54000000	nop
 1042  00001b68          	L55_LF2:
 1043  00001b68  8fc10000	lw	r1,(r30)
 1044  00001b6c  90220000	lbu	r2,(r1)
 1045  00001b70  64410000	snei	r1,r2,#0
 1046  00001b74  1420000c	bnez	r1,L57_LF2
 1047  00001b78  54000000	nop; delay slot nop
 1048  00001b7c  08000040	j	L56_LF2
 1049  00001b80  54000000	nop; delay slot nop
 1050  00001b84          	L57_LF2:
 1051  00001b84  8fc10000	lw	r1,(r30)
 1052  00001b88  90220000	lbu	r2,(r1)
 1053  00001b8c  8fc10004	lw	r1,4(r30)
 1054  00001b90  00411028	seq	r2,r2,r1
 1055  00001b94  10400010	beqz	r2,L58_LF2
 1056  00001b98  54000000	nop; delay slot nop
 1057  00001b9c  8fc10000	lw	r1,(r30)
 1058  00001ba0  08000028	j	L54_LF2
 1059  00001ba4  54000000	nop; delay slot nop
 1060  00001ba8          	L58_LF2:
 1061  00001ba8  8fc20000	lw	r2,(r30)
 1062  00001bac  20410001	addi	r1,r2,#1
 1063  00001bb0  00011020	add	r2,r0,r1
 1064  00001bb4  afc20000	sw	(r30),r2
 1065  00001bb8  0bffffac	j	L55_LF2
 1066  00001bbc  54000000	nop; delay slot nop
 1067  00001bc0          	L56_LF2:
 1068  00001bc0  20010000	addi	r1,r0,#0
 1069  00001bc4  08000004	j	L54_LF2
 1070  00001bc8  54000000	nop; delay slot nop
 1071  00001bcc          	L54_LF2:
 1072  00001bcc  8fa20000	lw	r2,0(r29)
 1073  00001bd0  8fdffff8	lw	r31,-8(r30)
 1074  00001bd4  001ee820	add	r29,r0,r30
 1075  00001bd8  8fdefffc	lw	r30,-4(r30)
 1076  00001bdc  4be00000	jr	r31
 1077  00001be0  54000000	nop
 1078  00001be4          	.endproc _dindex
 1079  00001be4          	.align 2
 1080  00001be4          	.proc _ditoa
 1081  00001be4          	.global _ditoa
 1082  00001be4          	_ditoa:
 1083                      ;  Function 'ditoa'; 8 bytes of locals, 2 regs to save.
 1084  00001be4  afbefffc	sw	-4(r29),r30; push fp
 1085  00001be8  001df020	add	r30,r0,r29; fp = sp
 1086  00001bec  afbffff8	sw	-8(r29),r31; push ret addr
 1087  00001bf0  2fbd0018	subui	r29,r29,#24; alloc local storage
 1088  00001bf4  afa20000	sw	0(r29),r2
 1089  00001bf8  afa30004	sw	4(r29),r3
 1090  00001bfc  8fc10000	lw	r1,(r30)
 1091  00001c00  68220000	slti	r2,r1,#0
 1092  00001c04  1040002c	beqz	r2,L60_LF2
 1093  00001c08  54000000	nop; delay slot nop
 1094  00001c0c  8fc10004	lw	r1,4(r30)
 1095  00001c10  20220001	addi	r2,r1,#1
 1096  00001c14  afc20004	sw	4(r30),r2
 1097  00001c18  2002002d	addi	r2,r0,(#0x2d)&0xff
 1098  00001c1c  a0220000	sb	(r1),r2
 1099  00001c20  8fc10000	lw	r1,(r30)
 1100  00001c24  00011022	sub	r2,r0,r1
 1101  00001c28  afc20000	sw	(r30),r2
 1102  00001c2c  08000118	j	L61_LF2
 1103  00001c30  54000000	nop; delay slot nop
 1104  00001c34          	L60_LF2:
 1105  00001c34  8fc10000	lw	r1,(r30)
 1106  00001c38  64220000	snei	r2,r1,#0
 1107  00001c3c  14400020	bnez	r2,L62_LF2
 1108  00001c40  54000000	nop; delay slot nop
 1109  00001c44  8fc10004	lw	r1,4(r30)
 1110  00001c48  20220001	addi	r2,r1,#1
 1111  00001c4c  afc20004	sw	4(r30),r2
 1112  00001c50  20020030	addi	r2,r0,(#0x30)&0xff
 1113  00001c54  a0220000	sb	(r1),r2
 1114  00001c58  080000ec	j	L61_LF2
 1115  00001c5c  54000000	nop; delay slot nop
 1116  00001c60          	L62_LF2:
 1117  00001c60  20010001	addi	r1,r0,#1
 1118  00001c64  afc1fff4	sw	-12(r30),r1
 1119  00001c68          	L64_LF2:
 1120  00001c68  8fc1fff4	lw	r1,-12(r30)
 1121  00001c6c  8fc20000	lw	r2,(r30)
 1122  00001c70  0022082c	sle	r1,r1,r2
 1123  00001c74  1420000c	bnez	r1,L66_LF2
 1124  00001c78  54000000	nop; delay slot nop
 1125  00001c7c  08000024	j	L65_LF2
 1126  00001c80  54000000	nop; delay slot nop
 1127  00001c84          	L67_LF2:
 1128  00001c84          	L66_LF2:
 1129  00001c84  8fc1fff4	lw	r1,-12(r30)
 1130  00001c88  00011820	add	r3,r0,r1
 1131  00001c8c  50620002	slli	r2,r3,#0x2
 1132  00001c90  00411020	add	r2,r2,r1
 1133  00001c94  50410001	slli	r1,r2,#0x1
 1134  00001c98  afc1fff4	sw	-12(r30),r1
 1135  00001c9c  0bffffc8	j	L64_LF2
 1136  00001ca0  54000000	nop; delay slot nop
 1137  00001ca4          	L65_LF2:
 1138  00001ca4  54000000	nop
 1139  00001ca8          	L68_LF2:
 1140  00001ca8  8fc1fff4	lw	r1,-12(r30)
 1141  00001cac  2002000a	addi	r2,r0,#10
 1142  00001cb0  00200035	movi2fp	f0,r1
 1143  00001cb4  00400835	movi2fp	f1,r2
 1144  00001cb8  0401000f	div	f0,f0,f1
 1145  00001cbc  00000834	movfp2i	r1,f0
 1146  00001cc0  afc1fff4	sw	-12(r30),r1
 1147  00001cc4  8fc10004	lw	r1,4(r30)
 1148  00001cc8  20220001	addi	r2,r1,#1
 1149  00001ccc  afc20004	sw	4(r30),r2
 1150  00001cd0  8fc20000	lw	r2,(r30)
 1151  00001cd4  8fc3fff4	lw	r3,-12(r30)
 1152  00001cd8  00400035	movi2fp	f0,r2
 1153  00001cdc  00600835	movi2fp	f1,r3
 1154  00001ce0  0401000f	div	f0,f0,f1
 1155  00001ce4  00001034	movfp2i	r2,f0
 1156  00001ce8  00021820	add	r3,r0,r2
 1157  00001cec  20620030	addi	r2,r3,#48
 1158  00001cf0  a0220000	sb	(r1),r2
 1159  00001cf4  8fc10000	lw	r1,(r30)
 1160  00001cf8  8fc3fff4	lw	r3,-12(r30)
 1161  00001cfc  00200035	movi2fp	f0,r1
 1162  00001d00  00600835	movi2fp	f1,r3
 1163  00001d04  0401000f	div	f0,f0,f1
 1164  00001d08  00001034	movfp2i	r2,f0
 1165  00001d0c  8fc3fff4	lw	r3,-12(r30)
 1166  00001d10  00400035	movi2fp	f0,r2
 1167  00001d14  00600835	movi2fp	f1,r3
 1168  00001d18  0401000e	mult	f0,f0,f1
 1169  00001d1c  00001034	movfp2i	r2,f0
 1170  00001d20  00220822	sub	r1,r1,r2
 1171  00001d24  afc10000	sw	(r30),r1
 1172  00001d28          	L70_LF2:
 1173  00001d28  8fc1fff4	lw	r1,-12(r30)
 1174  00001d2c  6c220001	sgti	r2,r1,#1
 1175  00001d30  1440000c	bnez	r2,L71_LF2
 1176  00001d34  54000000	nop; delay slot nop
 1177  00001d38  0800000c	j	L61_LF2
 1178  00001d3c  54000000	nop; delay slot nop
 1179  00001d40          	L71_LF2:
 1180  00001d40  0bffff64	j	L68_LF2
 1181  00001d44  54000000	nop; delay slot nop
 1182  00001d48          	L69_LF2:
 1183  00001d48          	L63_LF2:
 1184  00001d48          	L61_LF2:
 1185  00001d48  8fc10004	lw	r1,4(r30)
 1186  00001d4c  20020000	addi	r2,r0,(#0x0)&0xff
 1187  00001d50  a0220000	sb	(r1),r2
 1188  00001d54          	L59_LF2:
 1189  00001d54  8fa20000	lw	r2,0(r29)
 1190  00001d58  8fa30004	lw	r3,4(r29)
 1191  00001d5c  8fdffff8	lw	r31,-8(r30)
 1192  00001d60  001ee820	add	r29,r0,r30
 1193  00001d64  8fdefffc	lw	r30,-4(r30)
 1194  00001d68  4be00000	jr	r31
 1195  00001d6c  54000000	nop
 1196  00001d70          	.endproc _ditoa
 1197  00001d70          	.align 2
 1198  00001d70          	.proc _dstrtol
 1199  00001d70          	.global _dstrtol
 1200  00001d70          	_dstrtol:
 1201                      ;  Function 'dstrtol'; 16 bytes of locals, 1 regs to save.
 1202  00001d70  afbefffc	sw	-4(r29),r30; push fp
 1203  00001d74  001df020	add	r30,r0,r29; fp = sp
 1204  00001d78  afbffff8	sw	-8(r29),r31; push ret addr
 1205  00001d7c  2fbd0020	subui	r29,r29,#32; alloc local storage
 1206  00001d80  afa20000	sw	0(r29),r2
 1207  00001d84  20010000	addi	r1,r0,#0
 1208  00001d88  afc1fff4	sw	-12(r30),r1
 1209  00001d8c          	L73_LF2:
 1210  00001d8c  8fc10000	lw	r1,(r30)
 1211  00001d90  90220000	lbu	r2,(r1)
 1212  00001d94  60410020	seqi	r1,r2,#32
 1213  00001d98  14200034	bnez	r1,L75_LF2
 1214  00001d9c  54000000	nop; delay slot nop
 1215  00001da0  8fc10000	lw	r1,(r30)
 1216  00001da4  90220000	lbu	r2,(r1)
 1217  00001da8  60410009	seqi	r1,r2,#9
 1218  00001dac  14200020	bnez	r1,L75_LF2
 1219  00001db0  54000000	nop; delay slot nop
 1220  00001db4  8fc10000	lw	r1,(r30)
 1221  00001db8  90220000	lbu	r2,(r1)
 1222  00001dbc  6041000a	seqi	r1,r2,#10
 1223  00001dc0  1420000c	bnez	r1,L75_LF2
 1224  00001dc4  54000000	nop; delay slot nop
 1225  00001dc8  0800001c	j	L74_LF2
 1226  00001dcc  54000000	nop; delay slot nop
 1227  00001dd0          	L75_LF2:
 1228  00001dd0  8fc20000	lw	r2,(r30)
 1229  00001dd4  20410001	addi	r1,r2,#1
 1230  00001dd8  00011020	add	r2,r0,r1
 1231  00001ddc  afc20000	sw	(r30),r2
 1232  00001de0  0bffffa8	j	L73_LF2
 1233  00001de4  54000000	nop; delay slot nop
 1234  00001de8          	L74_LF2:
 1235  00001de8  8fc10004	lw	r1,4(r30)
 1236  00001dec  64220000	snei	r2,r1,#0
 1237  00001df0  10400010	beqz	r2,L76_LF2
 1238  00001df4  54000000	nop; delay slot nop
 1239  00001df8  8fc10004	lw	r1,4(r30)
 1240  00001dfc  8fc20000	lw	r2,(r30)
 1241  00001e00  ac220000	sw	(r1),r2
 1242  00001e04          	L76_LF2:
 1243  00001e04  8fc10000	lw	r1,(r30)
 1244  00001e08  90220000	lbu	r2,(r1)
 1245  00001e0c  64410000	snei	r1,r2,#0
 1246  00001e10  14200010	bnez	r1,L77_LF2
 1247  00001e14  54000000	nop; delay slot nop
 1248  00001e18  8fc1fff4	lw	r1,-12(r30)
 1249  00001e1c  08000294	j	L72_LF2
 1250  00001e20  54000000	nop; delay slot nop
 1251  00001e24          	L77_LF2:
 1252  00001e24  8fc10000	lw	r1,(r30)
 1253  00001e28  90220000	lbu	r2,(r1)
 1254  00001e2c  6041002d	seqi	r1,r2,#45
 1255  00001e30  10200024	beqz	r1,L78_LF2
 1256  00001e34  54000000	nop; delay slot nop
 1257  00001e38  2001ffff	addi	r1,r0,#-1
 1258  00001e3c  afc1ffec	sw	-20(r30),r1
 1259  00001e40  8fc20000	lw	r2,(r30)
 1260  00001e44  20410001	addi	r1,r2,#1
 1261  00001e48  00011020	add	r2,r0,r1
 1262  00001e4c  afc20000	sw	(r30),r2
 1263  00001e50  0800000c	j	L79_LF2
 1264  00001e54  54000000	nop; delay slot nop
 1265  00001e58          	L78_LF2:
 1266  00001e58  20010001	addi	r1,r0,#1
 1267  00001e5c  afc1ffec	sw	-20(r30),r1
 1268  00001e60          	L79_LF2:
 1269  00001e60  8fc10008	lw	r1,8(r30)
 1270  00001e64  64220000	snei	r2,r1,#0
 1271  00001e68  14400090	bnez	r2,L80_LF2
 1272  00001e6c  54000000	nop; delay slot nop
 1273  00001e70  8fc10000	lw	r1,(r30)
 1274  00001e74  90220000	lbu	r2,(r1)
 1275  00001e78  60410030	seqi	r1,r2,#48
 1276  00001e7c  10200074	beqz	r1,L81_LF2
 1277  00001e80  54000000	nop; delay slot nop
 1278  00001e84  8fc20000	lw	r2,(r30)
 1279  00001e88  20410001	addi	r1,r2,#1
 1280  00001e8c  00011020	add	r2,r0,r1
 1281  00001e90  afc20000	sw	(r30),r2
 1282  00001e94  8fc10000	lw	r1,(r30)
 1283  00001e98  90220000	lbu	r2,(r1)
 1284  00001e9c  60410078	seqi	r1,r2,#120
 1285  00001ea0  14200020	bnez	r1,L83_LF2
 1286  00001ea4  54000000	nop; delay slot nop
 1287  00001ea8  8fc10000	lw	r1,(r30)
 1288  00001eac  90220000	lbu	r2,(r1)
 1289  00001eb0  60410058	seqi	r1,r2,#88
 1290  00001eb4  1420000c	bnez	r1,L83_LF2
 1291  00001eb8  54000000	nop; delay slot nop
 1292  00001ebc  08000024	j	L82_LF2
 1293  00001ec0  54000000	nop; delay slot nop
 1294  00001ec4          	L83_LF2:
 1295  00001ec4  20010010	addi	r1,r0,#16
 1296  00001ec8  afc10008	sw	8(r30),r1
 1297  00001ecc  8fc20000	lw	r2,(r30)
 1298  00001ed0  20410001	addi	r1,r2,#1
 1299  00001ed4  00011020	add	r2,r0,r1
 1300  00001ed8  afc20000	sw	(r30),r2
 1301  00001edc  0800000c	j	L84_LF2
 1302  00001ee0  54000000	nop; delay slot nop
 1303  00001ee4          	L82_LF2:
 1304  00001ee4  20010008	addi	r1,r0,#8
 1305  00001ee8  afc10008	sw	8(r30),r1
 1306  00001eec          	L84_LF2:
 1307  00001eec  0800000c	j	L80_LF2
 1308  00001ef0  54000000	nop; delay slot nop
 1309  00001ef4          	L81_LF2:
 1310  00001ef4  2001000a	addi	r1,r0,#10
 1311  00001ef8  afc10008	sw	8(r30),r1
 1312  00001efc          	L85_LF2:
 1313  00001efc          	L80_LF2:
 1314  00001efc  8fc10008	lw	r1,8(r30)
 1315  00001f00  70220000	slei	r2,r1,#0
 1316  00001f04  1440001c	bnez	r2,L87_LF2
 1317  00001f08  54000000	nop; delay slot nop
 1318  00001f0c  8fc10008	lw	r1,8(r30)
 1319  00001f10  6c220010	sgti	r2,r1,#16
 1320  00001f14  1440000c	bnez	r2,L87_LF2
 1321  00001f18  54000000	nop; delay slot nop
 1322  00001f1c  08000010	j	L86_LF2
 1323  00001f20  54000000	nop; delay slot nop
 1324  00001f24          	L87_LF2:
 1325  00001f24  8fc1fff4	lw	r1,-12(r30)
 1326  00001f28  08000188	j	L72_LF2
 1327  00001f2c  54000000	nop; delay slot nop
 1328  00001f30          	L86_LF2:
 1329  00001f30  54000000	nop
 1330  00001f34          	L88_LF2:
 1331  00001f34  8fc10000	lw	r1,(r30)
 1332  00001f38  90220000	lbu	r2,(r1)
 1333  00001f3c  6c41002f	sgtui	r1,r2,#47
 1334  00001f40  10200030	beqz	r1,L91_LF2
 1335  00001f44  54000000	nop; delay slot nop
 1336  00001f48  8fc10000	lw	r1,(r30)
 1337  00001f4c  90220000	lbu	r2,(r1)
 1338  00001f50  70410039	sleui	r1,r2,#57
 1339  00001f54  1020001c	beqz	r1,L91_LF2
 1340  00001f58  54000000	nop; delay slot nop
 1341  00001f5c  8fc10000	lw	r1,(r30)
 1342  00001f60  90220000	lbu	r2,(r1)
 1343  00001f64  2041ffd0	addi	r1,r2,#-48
 1344  00001f68  afc1fff0	sw	-16(r30),r1
 1345  00001f6c  0800008c	j	L92_LF2
 1346  00001f70  54000000	nop; delay slot nop
 1347  00001f74          	L91_LF2:
 1348  00001f74  8fc10000	lw	r1,(r30)
 1349  00001f78  90220000	lbu	r2,(r1)
 1350  00001f7c  6c410060	sgtui	r1,r2,#96
 1351  00001f80  10200030	beqz	r1,L93_LF2
 1352  00001f84  54000000	nop; delay slot nop
 1353  00001f88  8fc10000	lw	r1,(r30)
 1354  00001f8c  90220000	lbu	r2,(r1)
 1355  00001f90  7041007a	sleui	r1,r2,#122
 1356  00001f94  1020001c	beqz	r1,L93_LF2
 1357  00001f98  54000000	nop; delay slot nop
 1358  00001f9c  8fc10000	lw	r1,(r30)
 1359  00001fa0  90220000	lbu	r2,(r1)
 1360  00001fa4  2041ffa9	addi	r1,r2,#-87
 1361  00001fa8  afc1fff0	sw	-16(r30),r1
 1362  00001fac  0800004c	j	L92_LF2
 1363  00001fb0  54000000	nop; delay slot nop
 1364  00001fb4          	L93_LF2:
 1365  00001fb4  8fc10000	lw	r1,(r30)
 1366  00001fb8  90220000	lbu	r2,(r1)
 1367  00001fbc  6c410040	sgtui	r1,r2,#64
 1368  00001fc0  10200030	beqz	r1,L95_LF2
 1369  00001fc4  54000000	nop; delay slot nop
 1370  00001fc8  8fc10000	lw	r1,(r30)
 1371  00001fcc  90220000	lbu	r2,(r1)
 1372  00001fd0  7041005a	sleui	r1,r2,#90
 1373  00001fd4  1020001c	beqz	r1,L95_LF2
 1374  00001fd8  54000000	nop; delay slot nop
 1375  00001fdc  8fc10000	lw	r1,(r30)
 1376  00001fe0  90220000	lbu	r2,(r1)
 1377  00001fe4  2041ffc9	addi	r1,r2,#-55
 1378  00001fe8  afc1fff0	sw	-16(r30),r1
 1379  00001fec  0800000c	j	L92_LF2
 1380  00001ff0  54000000	nop; delay slot nop
 1381  00001ff4          	L95_LF2:
 1382  00001ff4  200103e8	addi	r1,r0,#1000
 1383  00001ff8  afc1fff0	sw	-16(r30),r1
 1384  00001ffc          	L96_LF2:
 1385  00001ffc          	L94_LF2:
 1386  00001ffc          	L92_LF2:
 1387  00001ffc  8fc1fff0	lw	r1,-16(r30)
 1388  00002000  8fc20008	lw	r2,8(r30)
 1389  00002004  0022082a	slt	r1,r1,r2
 1390  00002008  10200040	beqz	r1,L90_LF2
 1391  0000200c  54000000	nop; delay slot nop
 1392  00002010  8fc1fff4	lw	r1,-12(r30)
 1393  00002014  8fc20008	lw	r2,8(r30)
 1394  00002018  00200035	movi2fp	f0,r1
 1395  0000201c  00400835	movi2fp	f1,r2
 1396  00002020  0401000e	mult	f0,f0,f1
 1397  00002024  00000834	movfp2i	r1,f0
 1398  00002028  afc1fff4	sw	-12(r30),r1
 1399  0000202c  8fc1fff4	lw	r1,-12(r30)
 1400  00002030  8fc2fff0	lw	r2,-16(r30)
 1401  00002034  00220820	add	r1,r1,r2
 1402  00002038  afc1fff4	sw	-12(r30),r1
 1403  0000203c  8fc20000	lw	r2,(r30)
 1404  00002040  20410001	addi	r1,r2,#1
 1405  00002044  00011020	add	r2,r0,r1
 1406  00002048  afc20000	sw	(r30),r2
 1407  0000204c          	L97_LF2:
 1408  0000204c          	L90_LF2:
 1409  0000204c  8fc1fff0	lw	r1,-16(r30)
 1410  00002050  8fc20008	lw	r2,8(r30)
 1411  00002054  0022082a	slt	r1,r1,r2
 1412  00002058  1420000c	bnez	r1,L98_LF2
 1413  0000205c  54000000	nop; delay slot nop
 1414  00002060  0800000c	j	L89_LF2
 1415  00002064  54000000	nop; delay slot nop
 1416  00002068          	L98_LF2:
 1417  00002068  0bfffec8	j	L88_LF2
 1418  0000206c  54000000	nop; delay slot nop
 1419  00002070          	L89_LF2:
 1420  00002070  8fc10004	lw	r1,4(r30)
 1421  00002074  64220000	snei	r2,r1,#0
 1422  00002078  10400010	beqz	r2,L99_LF2
 1423  0000207c  54000000	nop; delay slot nop
 1424  00002080  8fc10004	lw	r1,4(r30)
 1425  00002084  8fc20000	lw	r2,(r30)
 1426  00002088  ac220000	sw	(r1),r2
 1427  0000208c          	L99_LF2:
 1428  0000208c  8fc1fff4	lw	r1,-12(r30)
 1429  00002090  8fc2ffec	lw	r2,-20(r30)
 1430  00002094  00200035	movi2fp	f0,r1
 1431  00002098  00400835	movi2fp	f1,r2
 1432  0000209c  0401000e	mult	f0,f0,f1
 1433  000020a0  00000834	movfp2i	r1,f0
 1434  000020a4  afc1fff4	sw	-12(r30),r1
 1435  000020a8  8fc1fff4	lw	r1,-12(r30)
 1436  000020ac  08000004	j	L72_LF2
 1437  000020b0  54000000	nop; delay slot nop
 1438  000020b4          	L72_LF2:
 1439  000020b4  8fa20000	lw	r2,0(r29)
 1440  000020b8  8fdffff8	lw	r31,-8(r30)
 1441  000020bc  001ee820	add	r29,r0,r30
 1442  000020c0  8fdefffc	lw	r30,-4(r30)
 1443  000020c4  4be00000	jr	r31
 1444  000020c8  54000000	nop
 1445  000020cc          	.endproc _dstrtol
 1446  000020cc          	.align 2
 1447  000020cc          	.proc _bcopy
 1448  000020cc          	.global _bcopy
 1449  000020cc          	_bcopy:
 1450                      ;  Function 'bcopy'; 0 bytes of locals, 2 regs to save.
 1451  000020cc  afbefffc	sw	-4(r29),r30; push fp
 1452  000020d0  001df020	add	r30,r0,r29; fp = sp
 1453  000020d4  afbffff8	sw	-8(r29),r31; push ret addr
 1454  000020d8  2fbd0010	subui	r29,r29,#16; alloc local storage
 1455  000020dc  afa20000	sw	0(r29),r2
 1456  000020e0  afa30004	sw	4(r29),r3
 1457  000020e4  54000000	nop
 1458  000020e8          	L101_LF2:
 1459  000020e8  8fc10008	lw	r1,8(r30)
 1460  000020ec  2022ffff	addi	r2,r1,#-1
 1461  000020f0  afc20008	sw	8(r30),r2
 1462  000020f4  6c210000	sgti	r1,r1,#0
 1463  000020f8  1420000c	bnez	r1,L103_LF2
 1464  000020fc  54000000	nop; delay slot nop
 1465  00002100  0800002c	j	L102_LF2
 1466  00002104  54000000	nop; delay slot nop
 1467  00002108          	L103_LF2:
 1468  00002108  8fc10004	lw	r1,4(r30)
 1469  0000210c  20220001	addi	r2,r1,#1
 1470  00002110  afc20004	sw	4(r30),r2
 1471  00002114  8fc20000	lw	r2,(r30)
 1472  00002118  20430001	addi	r3,r2,#1
 1473  0000211c  afc30000	sw	(r30),r3
 1474  00002120  80420000	lb	r2,(r2)
 1475  00002124  a0220000	sb	(r1),r2
 1476  00002128  0bffffbc	j	L101_LF2
 1477  0000212c  54000000	nop; delay slot nop
 1478  00002130          	L102_LF2:
 1479  00002130          	L100_LF2:
 1480  00002130  8fa20000	lw	r2,0(r29)
 1481  00002134  8fa30004	lw	r3,4(r29)
 1482  00002138  8fdffff8	lw	r31,-8(r30)
 1483  0000213c  001ee820	add	r29,r0,r30
 1484  00002140  8fdefffc	lw	r30,-4(r30)
 1485  00002144  4be00000	jr	r31
 1486  00002148  54000000	nop
 1487  0000214c          	.endproc _bcopy
 1488  0000214c          	.align 2
 1489  0000214c          	.proc _bzero
 1490  0000214c          	.global _bzero
 1491  0000214c          	_bzero:
 1492                      ;  Function 'bzero'; 0 bytes of locals, 1 regs to save.
 1493  0000214c  afbefffc	sw	-4(r29),r30; push fp
 1494  00002150  001df020	add	r30,r0,r29; fp = sp
 1495  00002154  afbffff8	sw	-8(r29),r31; push ret addr
 1496  00002158  2fbd0010	subui	r29,r29,#16; alloc local storage
 1497  0000215c  afa20000	sw	0(r29),r2
 1498  00002160  54000000	nop
 1499  00002164          	L105_LF2:
 1500  00002164  8fc10004	lw	r1,4(r30)
 1501  00002168  2022ffff	addi	r2,r1,#-1
 1502  0000216c  afc20004	sw	4(r30),r2
 1503  00002170  6c210000	sgti	r1,r1,#0
 1504  00002174  1420000c	bnez	r1,L107_LF2
 1505  00002178  54000000	nop; delay slot nop
 1506  0000217c  08000020	j	L106_LF2
 1507  00002180  54000000	nop; delay slot nop
 1508  00002184          	L107_LF2:
 1509  00002184  8fc10000	lw	r1,(r30)
 1510  00002188  20220001	addi	r2,r1,#1
 1511  0000218c  afc20000	sw	(r30),r2
 1512  00002190  20020000	addi	r2,r0,(#0x0)&0xff
 1513  00002194  a0220000	sb	(r1),r2
 1514  00002198  0bffffc8	j	L105_LF2
 1515  0000219c  54000000	nop; delay slot nop
 1516  000021a0          	L106_LF2:
 1517  000021a0          	L104_LF2:
 1518  000021a0  8fa20000	lw	r2,0(r29)
 1519  000021a4  8fdffff8	lw	r31,-8(r30)
 1520  000021a8  001ee820	add	r29,r0,r30
 1521  000021ac  8fdefffc	lw	r30,-4(r30)
 1522  000021b0  4be00000	jr	r31
 1523  000021b4  54000000	nop
 1524  000021b8          	.endproc _bzero
 1525  000021b8          	.align 2
 1526  000021b8          	.proc _min
 1527  000021b8          	.global _min
 1528  000021b8          	_min:
 1529                      ;  Function 'min'; 0 bytes of locals, 2 regs to save.
 1530  000021b8  afbefffc	sw	-4(r29),r30; push fp
 1531  000021bc  001df020	add	r30,r0,r29; fp = sp
 1532  000021c0  afbffff8	sw	-8(r29),r31; push ret addr
 1533  000021c4  2fbd0010	subui	r29,r29,#16; alloc local storage
 1534  000021c8  afa20000	sw	0(r29),r2
 1535  000021cc  afa30004	sw	4(r29),r3
 1536  000021d0  8fc10000	lw	r1,(r30)
 1537  000021d4  8fc20004	lw	r2,4(r30)
 1538  000021d8  0022182c	sle	r3,r1,r2
 1539  000021dc  14600008	bnez	r3,L109_LF2
 1540  000021e0  54000000	nop; delay slot nop
 1541  000021e4  8fc10004	lw	r1,4(r30)
 1542  000021e8          	L109_LF2:
 1543  000021e8  08000004	j	L108_LF2
 1544  000021ec  54000000	nop; delay slot nop
 1545  000021f0          	L108_LF2:
 1546  000021f0  8fa20000	lw	r2,0(r29)
 1547  000021f4  8fa30004	lw	r3,4(r29)
 1548  000021f8  8fdffff8	lw	r31,-8(r30)
 1549  000021fc  001ee820	add	r29,r0,r30
 1550  00002200  8fdefffc	lw	r30,-4(r30)
 1551  00002204  4be00000	jr	r31
 1552  00002208  54000000	nop
 1553  0000220c          	.endproc _min
 1554                      ;;; Ethan L. Miller, 1999.  Released to the public domain
 1555                      ;;;
 1556                      ;;; Most of the traps are called in files from libtraps.
 1559  0000220c          	.align 2
 1560  0000220c          	.proc _exit
 1561  0000220c          	.global _exit
 1562  0000220c          	_exit:
 1563  0000220c  44000300	trap	#0x300
 1564  00002210  4be00000	jr	r31
 1565  00002214  54000000	nop
 1566  00002218          	.endproc _exit
 1568                      ; for the benefit of gcc.
 1569  00002218          	.proc ___main
 1570  00002218          	.global ___main
 1571  00002218          	___main:
 1572  00002218  4be00000	jr	r31
 1573  0000221c  54000000	nop
 1574  00002220          	.endproc ___main
 1575  00002220          	.text
 1576  00002220          	.global _etext
 1577  00002220          	_etext:
 1578  00002220          	.align 3
 1579  00002220          	.data
 1580  00003155          	.global _edata
 1581  00003155          	_edata:
