 line   address	contents
    1                      ; Linked by DLX-LD.
    2                      ; MemSize 24576
    3                      ; Data size: 363
    4                      ; Text size: 4640
    5                      ; Stack size: 8192
    6  00000000          	.text 0x1000
    7  00001000          	.data 0x3000
    8                      ; Compiled by GCC
    9  00003000          	.text
   10  00001000          	.align 2
   11  00001000          	.proc _isspace
   12  00001000          	.global _isspace
   13  00001000          	_isspace:
   14                      ;  Function 'isspace'; 0 bytes of locals, 1 regs to save.
   15  00001000  afbefffc	sw	-4(r29),r30; push fp
   16  00001004  001df020	add	r30,r0,r29; fp = sp
   17  00001008  afbffff8	sw	-8(r29),r31; push ret addr
   18  0000100c  2fbd0010	subui	r29,r29,#16; alloc local storage
   19  00001010  afa20000	sw	0(r29),r2
   20  00001014  83c20003	lb	r2,3(r30)
   21  00001018  201f0000	addi	r31,r0,#0
   22  0000101c  304100ff	andi	r1,r2,#0x00ff
   23  00001020  60210020	seqi	r1,r1,#32
   24  00001024  14200018	bnez	r1,L6_LF0
   25  00001028  54000000	nop; not filled.
   26  0000102c  2041fff7	addi	r1,r2,#-9
   27  00001030  302100ff	andi	r1,r1,#0x00ff
   28  00001034  70210001	sleui	r1,r1,#1
   29  00001038  10200008	beqz	r1,L5_LF0
   30  0000103c  54000000	nop; not filled.
   31  00001040          	L6_LF0:
   32  00001040  201f0001	addi	r31,r0,#1
   33  00001044          	L5_LF0:
   34  00001044  001f0820	add	r1,r0,r31
   35  00001048  8fa20000	lw	r2,0(r29)
   36  0000104c  8fdffff8	lw	r31,-8(r30)
   37  00001050  001ee820	add	r29,r0,r30
   38  00001054  8fdefffc	lw	r30,-4(r30)
   39  00001058  4be00000	jr	r31
   40  0000105c  54000000	nop
   41  00001060          	.endproc _isspace
   42  00001060          	.align 2
   43  00001060          	.proc _isxdigit
   44  00001060          	.global _isxdigit
   45  00001060          	_isxdigit:
   46                      ;  Function 'isxdigit'; 0 bytes of locals, 1 regs to save.
   47  00001060  afbefffc	sw	-4(r29),r30; push fp
   48  00001064  001df020	add	r30,r0,r29; fp = sp
   49  00001068  afbffff8	sw	-8(r29),r31; push ret addr
   50  0000106c  2fbd0010	subui	r29,r29,#16; alloc local storage
   51  00001070  afa20000	sw	0(r29),r2
   52  00001074  83df0003	lb	r31,3(r30)
   53  00001078  20020000	addi	r2,r0,#0
   54  0000107c  23e1ffd0	addi	r1,r31,#-48
   55  00001080  302100ff	andi	r1,r1,#0x00ff
   56  00001084  70210009	sleui	r1,r1,#9
   57  00001088  14200028	bnez	r1,L12_LF0
   58  0000108c  54000000	nop; not filled.
   59  00001090  23e1ff9f	addi	r1,r31,#-97
   60  00001094  302100ff	andi	r1,r1,#0x00ff
   61  00001098  70210005	sleui	r1,r1,#5
   62  0000109c  14200014	bnez	r1,L12_LF0
   63  000010a0  54000000	nop; not filled.
   64  000010a4  33e100ff	andi	r1,r31,#0x00ff
   65  000010a8  64210041	snei	r1,r1,#65
   66  000010ac  14200008	bnez	r1,L11_LF0
   67  000010b0  54000000	nop; not filled.
   68  000010b4          	L12_LF0:
   69  000010b4  20020001	addi	r2,r0,#1
   70  000010b8          	L11_LF0:
   71  000010b8  00020820	add	r1,r0,r2
   72  000010bc  8fa20000	lw	r2,0(r29)
   73  000010c0  8fdffff8	lw	r31,-8(r30)
   74  000010c4  001ee820	add	r29,r0,r30
   75  000010c8  8fdefffc	lw	r30,-4(r30)
   76  000010cc  4be00000	jr	r31
   77  000010d0  54000000	nop
   78  000010d4          	.endproc _isxdigit
   79  000010d4          	.data
   80  00003000          	.align 2
   81  00003000          	LC0_LF0:
   82  00003000  55736167	.ascii "Usage: \000"
   82  00003004  653a2000	
   83  00003008          	.align 2
   84  00003008          	LC1_LF0:
   85  00003008  203c6e75	.ascii " <number of processes to create>\n\000"
   85  0000300c  6d626572	
   85  00003010  206f6620	
   85  00003014  70726f63	
   85  00003018  65737365	
   85  0000301c  7320746f	
   85  00003020  20637265	
   85  00003024  6174653e	
   85  00003028  0a00    	
   86  0000302a          	.align 2
   87  0000302c          	LC2_LF0:
   88  0000302c  43726561	.ascii "Creating 2*%d processes...\n\000"
   88  00003030  74696e67	
   88  00003034  20322a25	
   88  00003038  64207072	
   88  0000303c  6f636573	
   88  00003040  7365732e	
   88  00003044  2e2e0a00	
   89  00003048          	.align 2
   90  00003048          	LC3_LF0:
   91  00003048  4552524f	.ascii "ERROR: could not allocate shared memory page in \000"
   91  0000304c  523a2063	
   91  00003050  6f756c64	
   91  00003054  206e6f74	
   91  00003058  20616c6c	
   91  0000305c  6f636174	
   91  00003060  65207368	
   91  00003064  61726564	
   91  00003068  206d656d	
   91  0000306c  6f727920	
   91  00003070  70616765	
   91  00003074  20696e20	
   91  00003078  00      	
   92  00003079          	.align 2
   93  0000307c          	LC4_LF0:
   94  0000307c  2c206578	.ascii ", exiting...\n\000"
   94  00003080  6974696e	
   94  00003084  672e2e2e	
   94  00003088  0a00    	
   95  0000308a          	.align 2
   96  0000308c          	LC5_LF0:
   97  0000308c  436f756c	.ascii "Could not map the shared page to virtual address in \000"
   97  00003090  64206e6f	
   97  00003094  74206d61	
   97  00003098  70207468	
   97  0000309c  65207368	
   97  000030a0  61726564	
   97  000030a4  20706167	
   97  000030a8  6520746f	
   97  000030ac  20766972	
   97  000030b0  7475616c	
   97  000030b4  20616464	
   97  000030b8  72657373	
   97  000030bc  20696e20	
   97  000030c0  00      	
   98  000030c1          	.align 2
   99  000030c4          	LC6_LF0:
  100  000030c4  2c206578	.ascii ", exiting..\n\000"
  100  000030c8  6974696e	
  100  000030cc  672e2e0a	
  100  000030d0  00      	
  101  000030d1          	.align 2
  102  000030d4          	LC7_LF0:
  103  000030d4  42616420	.ascii "Bad sem_create in \000"
  103  000030d8  73656d5f	
  103  000030dc  63726561	
  103  000030e0  74652069	
  103  000030e4  6e2000  	
  104  000030e7          	.align 2
  105  000030e8          	LC8_LF0:
  106  000030e8  0a00    	.ascii "\n\000"
  107  000030ea          	.align 2
  108  000030ec          	LC9_LF0:
  109  000030ec  70726f64	.ascii "producer.dlx.obj\000"
  109  000030f0  75636572	
  109  000030f4  2e646c78	
  109  000030f8  2e6f626a	
  109  000030fc  00      	
  110  000030fd          	.align 2
  111  00003100          	LC10_LF0:
  112  00003100  42616420	.ascii "Bad semaphore s_procs_completed (%d) in \000"
  112  00003104  73656d61	
  112  00003108  70686f72	
  112  0000310c  6520735f	
  112  00003110  70726f63	
  112  00003114  735f636f	
  112  00003118  6d706c65	
  112  0000311c  74656420	
  112  00003120  28256429	
  112  00003124  20696e20	
  112  00003128  00      	
  113  00003129          	.align 2
  114  0000312c          	LC11_LF0:
  115  0000312c  416c6c20	.ascii "All producers/consumers have completed, exiting main process.\n\000"
  115  00003130  70726f64	
  115  00003134  75636572	
  115  00003138  732f636f	
  115  0000313c  6e73756d	
  115  00003140  65727320	
  115  00003144  68617665	
  115  00003148  20636f6d	
  115  0000314c  706c6574	
  115  00003150  65642c20	
  115  00003154  65786974	
  115  00003158  696e6720	
  115  0000315c  6d61696e	
  115  00003160  2070726f	
  115  00003164  63657373	
  115  00003168  2e0a00  	
  116  0000316b          	.text
  117  000010d4          	.align 2
  118  000010d4          	.proc _main
  119  000010d4          	.global _main
  120  000010d4          	_main:
  121                      ;  Function 'main'; 32 bytes of locals, 0 regs to save.
  122  000010d4  afbefffc	sw	-4(r29),r30; push fp
  123  000010d8  001df020	add	r30,r0,r29; fp = sp
  124  000010dc  afbffff8	sw	-8(r29),r31; push ret addr
  125  000010e0  2fbd0028	subui	r29,r29,#40; alloc local storage
  126  000010e4  8fc20000	lw	r2,(r30)
  127  000010e8  8fc60004	lw	r6,4(r30)
  128  000010ec  0c001128	jal	___main
  129  000010f0  54000000	nop; not filled.
  130  000010f4  64410002	snei	r1,r2,#2
  131  000010f8  1020004c	beqz	r1,L14_LF0
  132  000010fc  54000000	nop; not filled.
  133  00001100  23bdfff8	addi	r29,r29,#-8
  134  00001104  3c070000	lhi	r7,((LC0_LF0)>>16)&0xffff
  135  00001108  24e73000	addui	r7,r7,(LC0_LF0)&0xffff
  136  0000110c  afa70000	sw	(r29),r7
  137  00001110  0c0002fc	jal	_Printf
  138  00001114  54000000	nop; not filled.
  139  00001118  8cc70000	lw	r7,(r6)
  140  0000111c  afa70000	sw	(r29),r7
  141  00001120  0c0002ec	jal	_Printf
  142  00001124  54000000	nop; not filled.
  143  00001128  3c070000	lhi	r7,((LC1_LF0)>>16)&0xffff
  144  0000112c  24e73008	addui	r7,r7,(LC1_LF0)&0xffff
  145  00001130  afa70000	sw	(r29),r7
  146  00001134  0c0002d8	jal	_Printf
  147  00001138  54000000	nop; not filled.
  148  0000113c  0c000384	jal	_Exit
  149  00001140  54000000	nop; not filled.
  150  00001144  23bd0008	addi	r29,r29,#8
  151  00001148          	L14_LF0:
  152  00001148  23bdfff0	addi	r29,r29,#-16
  153  0000114c  8cc70004	lw	r7,4(r6)
  154  00001150  afa70000	sw	(r29),r7
  155  00001154  20070000	addi	r7,r0,#0
  156  00001158  afa70004	sw	4(r29),r7
  157  0000115c  2007000a	addi	r7,r0,#10
  158  00001160  afa70008	sw	8(r29),r7
  159  00001164  0c000c08	jal	_dstrtol
  160  00001168  54000000	nop; not filled.
  161  0000116c  00011820	add	r3,r0,r1
  162  00001170  3c070000	lhi	r7,((LC2_LF0)>>16)&0xffff
  163  00001174  24e7302c	addui	r7,r7,(LC2_LF0)&0xffff
  164  00001178  afa70000	sw	(r29),r7
  165  0000117c  afa30004	sw	4(r29),r3
  166  00001180  0c00028c	jal	_Printf
  167  00001184  54000000	nop; not filled.
  168  00001188  0c0002a8	jal	_shmget
  169  0000118c  54000000	nop; not filled.
  170  00001190  00012820	add	r5,r0,r1
  171  00001194  23bd0010	addi	r29,r29,#16
  172  00001198  64a10000	snei	r1,r5,#0
  173  0000119c  1420004c	bnez	r1,L15_LF0
  174  000011a0  54000000	nop; not filled.
  175  000011a4  23bdfff8	addi	r29,r29,#-8
  176  000011a8  3c070000	lhi	r7,((LC3_LF0)>>16)&0xffff
  177  000011ac  24e73048	addui	r7,r7,(LC3_LF0)&0xffff
  178  000011b0  afa70000	sw	(r29),r7
  179  000011b4  0c000258	jal	_Printf
  180  000011b8  54000000	nop; not filled.
  181  000011bc  8cc70000	lw	r7,(r6)
  182  000011c0  afa70000	sw	(r29),r7
  183  000011c4  0c000248	jal	_Printf
  184  000011c8  54000000	nop; not filled.
  185  000011cc  3c070000	lhi	r7,((LC4_LF0)>>16)&0xffff
  186  000011d0  24e7307c	addui	r7,r7,(LC4_LF0)&0xffff
  187  000011d4  afa70000	sw	(r29),r7
  188  000011d8  0c000234	jal	_Printf
  189  000011dc  54000000	nop; not filled.
  190  000011e0  0c0002e0	jal	_Exit
  191  000011e4  54000000	nop; not filled.
  192  000011e8  23bd0008	addi	r29,r29,#8
  193  000011ec          	L15_LF0:
  194  000011ec  23bdfff8	addi	r29,r29,#-8
  195  000011f0  afa50000	sw	(r29),r5
  196  000011f4  0c000248	jal	_shmat
  197  000011f8  54000000	nop; not filled.
  198  000011fc  00011020	add	r2,r0,r1
  199  00001200  23bd0008	addi	r29,r29,#8
  200  00001204  64410000	snei	r1,r2,#0
  201  00001208  1420004c	bnez	r1,L16_LF0
  202  0000120c  54000000	nop; not filled.
  203  00001210  23bdfff8	addi	r29,r29,#-8
  204  00001214  3c070000	lhi	r7,((LC5_LF0)>>16)&0xffff
  205  00001218  24e7308c	addui	r7,r7,(LC5_LF0)&0xffff
  206  0000121c  afa70000	sw	(r29),r7
  207  00001220  0c0001ec	jal	_Printf
  208  00001224  54000000	nop; not filled.
  209  00001228  8cc70000	lw	r7,(r6)
  210  0000122c  afa70000	sw	(r29),r7
  211  00001230  0c0001dc	jal	_Printf
  212  00001234  54000000	nop; not filled.
  213  00001238  3c070000	lhi	r7,((LC6_LF0)>>16)&0xffff
  214  0000123c  24e730c4	addui	r7,r7,(LC6_LF0)&0xffff
  215  00001240  afa70000	sw	(r29),r7
  216  00001244  0c0001c8	jal	_Printf
  217  00001248  54000000	nop; not filled.
  218  0000124c  0c000274	jal	_Exit
  219  00001250  54000000	nop; not filled.
  220  00001254  23bd0008	addi	r29,r29,#8
  221  00001258          	L16_LF0:
  222  00001258  ac430000	sw	(r2),r3
  223  0000125c  20070000	addi	r7,r0,#0
  224  00001260  ac470008	sw	8(r2),r7
  225  00001264  2007000b	addi	r7,r0,#11
  226  00001268  ac47000c	sw	12(r2),r7
  227  0000126c  2007000c	addi	r7,r0,#12
  228  00001270  ac470010	sw	16(r2),r7
  229  00001274  23bdfff8	addi	r29,r29,#-8
  230  00001278  20010001	addi	r1,r0,#1
  231  0000127c  00230822	sub	r1,r1,r3
  232  00001280  afa10000	sw	(r29),r1
  233  00001284  0c0001c4	jal	_sem_create
  234  00001288  54000000	nop; not filled.
  235  0000128c  00012020	add	r4,r0,r1
  236  00001290  23bd0008	addi	r29,r29,#8
  237  00001294  6081ffff	seqi	r1,r4,#-1
  238  00001298  1020004c	beqz	r1,L17_LF0
  239  0000129c  54000000	nop; not filled.
  240  000012a0  23bdfff8	addi	r29,r29,#-8
  241  000012a4  3c070000	lhi	r7,((LC7_LF0)>>16)&0xffff
  242  000012a8  24e730d4	addui	r7,r7,(LC7_LF0)&0xffff
  243  000012ac  afa70000	sw	(r29),r7
  244  000012b0  0c00015c	jal	_Printf
  245  000012b4  54000000	nop; not filled.
  246  000012b8  8cc70000	lw	r7,(r6)
  247  000012bc  afa70000	sw	(r29),r7
  248  000012c0  0c00014c	jal	_Printf
  249  000012c4  54000000	nop; not filled.
  250  000012c8  3c070000	lhi	r7,((LC8_LF0)>>16)&0xffff
  251  000012cc  24e730e8	addui	r7,r7,(LC8_LF0)&0xffff
  252  000012d0  afa70000	sw	(r29),r7
  253  000012d4  0c000138	jal	_Printf
  254  000012d8  54000000	nop; not filled.
  255  000012dc  0c0001e4	jal	_Exit
  256  000012e0  54000000	nop; not filled.
  257  000012e4  23bd0008	addi	r29,r29,#8
  258  000012e8          	L17_LF0:
  259  000012e8  23bdfff8	addi	r29,r29,#-8
  260  000012ec  afa50000	sw	(r29),r5
  261  000012f0  23c3ffe8	addi	r3,r30,#-24
  262  000012f4  afa30004	sw	4(r29),r3
  263  000012f8  0c0008e8	jal	_ditoa
  264  000012fc  54000000	nop; not filled.
  265  00001300  afa40000	sw	(r29),r4
  266  00001304  23c2ffd8	addi	r2,r30,#-40
  267  00001308  afa20004	sw	4(r29),r2
  268  0000130c  0c0008d4	jal	_ditoa
  269  00001310  54000000	nop; not filled.
  270  00001314  23bdfff8	addi	r29,r29,#-8
  271  00001318  3c070000	lhi	r7,((LC9_LF0)>>16)&0xffff
  272  0000131c  24e730ec	addui	r7,r7,(LC9_LF0)&0xffff
  273  00001320  afa70000	sw	(r29),r7
  274  00001324  afa30004	sw	4(r29),r3
  275  00001328  afa20008	sw	8(r29),r2
  276  0000132c  20070000	addi	r7,r0,#0
  277  00001330  afa7000c	sw	12(r29),r7
  278  00001334  0c0000f0	jal	_process_create
  279  00001338  54000000	nop; not filled.
  280  0000133c  afa40000	sw	(r29),r4
  281  00001340  0c000114	jal	_sem_wait
  282  00001344  54000000	nop; not filled.
  283  00001348  23bd0010	addi	r29,r29,#16
  284  0000134c  64210001	snei	r1,r1,#1
  285  00001350  10200050	beqz	r1,L18_LF0
  286  00001354  54000000	nop; not filled.
  287  00001358  23bdfff8	addi	r29,r29,#-8
  288  0000135c  3c070000	lhi	r7,((LC10_LF0)>>16)&0xffff
  289  00001360  24e73100	addui	r7,r7,(LC10_LF0)&0xffff
  290  00001364  afa70000	sw	(r29),r7
  291  00001368  afa40004	sw	4(r29),r4
  292  0000136c  0c0000a0	jal	_Printf
  293  00001370  54000000	nop; not filled.
  294  00001374  8cc60000	lw	r6,(r6)
  295  00001378  afa60000	sw	(r29),r6
  296  0000137c  0c000090	jal	_Printf
  297  00001380  54000000	nop; not filled.
  298  00001384  3c070000	lhi	r7,((LC8_LF0)>>16)&0xffff
  299  00001388  24e730e8	addui	r7,r7,(LC8_LF0)&0xffff
  300  0000138c  afa70000	sw	(r29),r7
  301  00001390  0c00007c	jal	_Printf
  302  00001394  54000000	nop; not filled.
  303  00001398  0c000128	jal	_Exit
  304  0000139c  54000000	nop; not filled.
  305  000013a0  23bd0008	addi	r29,r29,#8
  306  000013a4          	L18_LF0:
  307  000013a4  23bdfff8	addi	r29,r29,#-8
  308  000013a8  3c070000	lhi	r7,((LC11_LF0)>>16)&0xffff
  309  000013ac  24e7312c	addui	r7,r7,(LC11_LF0)&0xffff
  310  000013b0  afa70000	sw	(r29),r7
  311  000013b4  0c000058	jal	_Printf
  312  000013b8  54000000	nop; not filled.
  313  000013bc  23bd0008	addi	r29,r29,#8
  314  000013c0  0c000e48	jal	_exit
  315  000013c4  54000000	nop
  316  000013c8          	.endproc _main
  317                      ;;;
  318                      ;;; Stub functions for DLX traps.
  319                      ;;;
  320                      ;;; Ethan L. Miller, 1999.  Released to the public domain.
  321                      ;;;
  322                      ;;; The traps such as Open and Close
  323                      ;;; (note the capital letters) are for use by user programs.  The traps
  324                      ;;; with names such as open and close (lower case) are for use by the OS.
  325                      ;;;
  328  000013c8          	.align 2
  330                      ;;; The following are the traps to be used by user-level programs
  331                      ;;;
  333  000013c8          	.align 2
  334  000013c8          	.proc _Open
  335  000013c8          	.global _Open
  336  000013c8          	_Open:
  337                      ;;; Note that trap #0x213 actually causes a trap vector in the OS of
  338                      ;;; 0x1213.  The same is true for other user traps.  Thus, a user trap
  339                      ;;; with trap #0x240 will result in a trap vector of 0x1240 in the OS.
  340  000013c8  44000213	trap	#0x213
  341  000013cc  4be00000	jr	r31
  342  000013d0  54000000	nop
  343  000013d4          	.endproc _Open
  345  000013d4          	.proc _Close
  346  000013d4          	.global _Close
  347  000013d4          	_Close:
  348  000013d4  44000214	trap	#0x214
  349  000013d8  4be00000	jr	r31
  350  000013dc  54000000	nop
  351  000013e0          	.endproc _Close
  353  000013e0          	.proc _Read
  354  000013e0          	.global _Read
  355  000013e0          	_Read:
  356  000013e0  44000210	trap	#0x210
  357  000013e4  4be00000	jr	r31
  358  000013e8  54000000	nop
  359  000013ec          	.endproc _Read
  361  000013ec          	.proc _Write
  362  000013ec          	.global _Write
  363  000013ec          	_Write:
  364  000013ec  44000211	trap	#0x211
  365  000013f0  4be00000	jr	r31
  366  000013f4  54000000	nop
  367  000013f8          	.endproc _Write
  369  000013f8          	.proc _Lseek
  370  000013f8          	.global _Lseek
  371  000013f8          	_Lseek:
  372  000013f8  44000212	trap	#0x212
  373  000013fc  4be00000	jr	r31
  374  00001400  54000000	nop
  375  00001404          	.endproc _Lseek
  377  00001404          	.proc _Putchar
  378  00001404          	.global _Putchar
  379  00001404          	_Putchar:
  380  00001404  44000280	trap	#0x280
  381  00001408  4be00000	jr	r31
  382  0000140c  54000000	nop
  383  00001410          	.endproc _Putchar
  385  00001410          	.proc _Printf
  386  00001410          	.global _Printf
  387  00001410          	_Printf:
  388  00001410  44000201	trap	#0x201
  389  00001414  4be00000	jr	r31
  390  00001418  54000000	nop
  391  0000141c          	.endproc _Printf
  393  0000141c          	.proc _Getpid
  394  0000141c          	.global _Getpid
  395  0000141c          	_Getpid:
  396  0000141c  44000431	trap	#0x431
  397  00001420  4be00000	jr	r31
  398  00001424  54000000	nop
  399  00001428          	.endproc _Getpid
  401  00001428          	.proc _process_create
  402  00001428          	.global _process_create
  403  00001428          	_process_create:
  404  00001428  44000432	trap	#0x432
  405  0000142c  4be00000	jr	r31
  406  00001430  54000000	nop
  407  00001434          	.endproc _process_create
  409  00001434          	.proc _shmget
  410  00001434          	.global _shmget
  411  00001434          	_shmget:
  412  00001434  44000440	trap	#0x440
  413  00001438  4be00000	jr	r31
  414  0000143c  54000000	nop
  415  00001440          	.endproc _shmget
  417  00001440          	.proc _shmat
  418  00001440          	.global _shmat
  419  00001440          	_shmat:
  420  00001440  44000441	trap	#0x441
  421  00001444  4be00000	jr	r31
  422  00001448  54000000	nop
  423  0000144c          	.endproc _shmat
  425  0000144c          	.proc _sem_create
  426  0000144c          	.global _sem_create
  427  0000144c          	_sem_create:
  428  0000144c  44000450	trap	#0x450
  429  00001450  4be00000	jr	r31
  430  00001454  54000000	nop
  431  00001458          	.endproc _sem_create
  433  00001458          	.proc _sem_wait
  434  00001458          	.global _sem_wait
  435  00001458          	_sem_wait:
  436  00001458  44000451	trap	#0x451
  437  0000145c  4be00000	jr	r31
  438  00001460  54000000	nop
  439  00001464          	.endproc _sem_wait
  441  00001464          	.proc _sem_signal
  442  00001464          	.global _sem_signal
  443  00001464          	_sem_signal:
  444  00001464  44000452	trap	#0x452
  445  00001468  4be00000	jr	r31
  446  0000146c  54000000	nop
  447  00001470          	.endproc _sem_signal
  449  00001470          	.proc _lock_create
  450  00001470          	.global _lock_create
  451  00001470          	_lock_create:
  452  00001470  44000453	trap	#0x453
  453  00001474  4be00000	jr	r31
  454  00001478  54000000	nop
  455  0000147c          	.endproc _lock_create
  457  0000147c          	.proc _lock_acquire
  458  0000147c          	.global _lock_acquire
  459  0000147c          	_lock_acquire:
  460  0000147c  44000454	trap	#0x454
  461  00001480  4be00000	jr	r31
  462  00001484  54000000	nop
  463  00001488          	.endproc _lock_acquire
  465  00001488          	.proc _lock_release
  466  00001488          	.global _lock_release
  467  00001488          	_lock_release:
  468  00001488  44000455	trap	#0x455
  469  0000148c  4be00000	jr	r31
  470  00001490  54000000	nop
  471  00001494          	.endproc _lock_release
  473  00001494          	.proc _cond_create
  474  00001494          	.global _cond_create
  475  00001494          	_cond_create:
  476  00001494  44000456	trap	#0x456
  477  00001498  4be00000	jr	r31
  478  0000149c  54000000	nop
  479  000014a0          	.endproc _cond_create
  481  000014a0          	.proc _cond_wait
  482  000014a0          	.global _cond_wait
  483  000014a0          	_cond_wait:
  484  000014a0  44000457	trap	#0x457
  485  000014a4  4be00000	jr	r31
  486  000014a8  54000000	nop
  487  000014ac          	.endproc _cond_wait
  489  000014ac          	.proc _cond_signal
  490  000014ac          	.global _cond_signal
  491  000014ac          	_cond_signal:
  492  000014ac  44000458	trap	#0x458
  493  000014b0  4be00000	jr	r31
  494  000014b4  54000000	nop
  495  000014b8          	.endproc _cond_signal
  497  000014b8          	.proc _cond_broadcast
  498  000014b8          	.global _cond_broadcast
  499  000014b8          	_cond_broadcast:
  500  000014b8  44000459	trap	#0x459
  501  000014bc  4be00000	jr	r31
  502  000014c0  54000000	nop
  503  000014c4          	.endproc _cond_broadcast
  505  000014c4          	.proc _Exit
  506  000014c4          	.global _Exit
  507  000014c4          	_Exit:
  508  000014c4  44000500	trap	#0x500
  509  000014c8  4be00000	jr	r31
  510  000014cc  54000000	nop
  511  000014d0          	.endproc _Exit
  512                      ; Compiled by GCC
  514  000014d0          	.align 2
  515  000014d0          	.proc _isspace
  516  000014d0          	.global _isspace
  517  000014d0          	_isspace:
  518                      ;  Function 'isspace'; 0 bytes of locals, 3 regs to save.
  519  000014d0  afbefffc	sw	-4(r29),r30; push fp
  520  000014d4  001df020	add	r30,r0,r29; fp = sp
  521  000014d8  afbffff8	sw	-8(r29),r31; push ret addr
  522  000014dc  2fbd0018	subui	r29,r29,#24; alloc local storage
  523  000014e0  afa20000	sw	0(r29),r2
  524  000014e4  afa30004	sw	4(r29),r3
  525  000014e8  afa40008	sw	8(r29),r4
  526  000014ec  83c20003	lb	r2,3(r30)
  527  000014f0  20010000	addi	r1,r0,#0
  528  000014f4  304300ff	andi	r3,r2,#0x00ff
  529  000014f8  60640020	seqi	r4,r3,#32
  530  000014fc  1480002c	bnez	r4,L3_LF2
  531  00001500  54000000	nop; delay slot nop
  532  00001504  304300ff	andi	r3,r2,#0x00ff
  533  00001508  60640009	seqi	r4,r3,#9
  534  0000150c  1480001c	bnez	r4,L3_LF2
  535  00001510  54000000	nop; delay slot nop
  536  00001514  304300ff	andi	r3,r2,#0x00ff
  537  00001518  6064000a	seqi	r4,r3,#10
  538  0000151c  1480000c	bnez	r4,L3_LF2
  539  00001520  54000000	nop; delay slot nop
  540  00001524  08000008	j	L2_LF2
  541  00001528  54000000	nop; delay slot nop
  542  0000152c          	L3_LF2:
  543  0000152c  20010001	addi	r1,r0,#1
  544  00001530          	L2_LF2:
  545  00001530  08000004	j	L1_LF2
  546  00001534  54000000	nop; delay slot nop
  547  00001538          	L1_LF2:
  548  00001538  8fa20000	lw	r2,0(r29)
  549  0000153c  8fa30004	lw	r3,4(r29)
  550  00001540  8fa40008	lw	r4,8(r29)
  551  00001544  8fdffff8	lw	r31,-8(r30)
  552  00001548  001ee820	add	r29,r0,r30
  553  0000154c  8fdefffc	lw	r30,-4(r30)
  554  00001550  4be00000	jr	r31
  555  00001554  54000000	nop
  556  00001558          	.endproc _isspace
  557  00001558          	.align 2
  558  00001558          	.proc _isxdigit
  559  00001558          	.global _isxdigit
  560  00001558          	_isxdigit:
  561                      ;  Function 'isxdigit'; 0 bytes of locals, 3 regs to save.
  562  00001558  afbefffc	sw	-4(r29),r30; push fp
  563  0000155c  001df020	add	r30,r0,r29; fp = sp
  564  00001560  afbffff8	sw	-8(r29),r31; push ret addr
  565  00001564  2fbd0018	subui	r29,r29,#24; alloc local storage
  566  00001568  afa20000	sw	0(r29),r2
  567  0000156c  afa30004	sw	4(r29),r3
  568  00001570  afa40008	sw	8(r29),r4
  569  00001574  83c20003	lb	r2,3(r30)
  570  00001578  20010000	addi	r1,r0,#0
  571  0000157c  304300ff	andi	r3,r2,#0x00ff
  572  00001580  6c64002f	sgtui	r4,r3,#47
  573  00001584  1080001c	beqz	r4,L7_LF2
  574  00001588  54000000	nop; delay slot nop
  575  0000158c  304300ff	andi	r3,r2,#0x00ff
  576  00001590  70640039	sleui	r4,r3,#57
  577  00001594  1480005c	bnez	r4,L6_LF2
  578  00001598  54000000	nop; delay slot nop
  579  0000159c  08000004	j	L7_LF2
  580  000015a0  54000000	nop; delay slot nop
  581  000015a4          	L7_LF2:
  582  000015a4  304300ff	andi	r3,r2,#0x00ff
  583  000015a8  6c640060	sgtui	r4,r3,#96
  584  000015ac  1080001c	beqz	r4,L8_LF2
  585  000015b0  54000000	nop; delay slot nop
  586  000015b4  304300ff	andi	r3,r2,#0x00ff
  587  000015b8  70640066	sleui	r4,r3,#102
  588  000015bc  14800034	bnez	r4,L6_LF2
  589  000015c0  54000000	nop; delay slot nop
  590  000015c4  08000004	j	L8_LF2
  591  000015c8  54000000	nop; delay slot nop
  592  000015cc          	L8_LF2:
  593  000015cc  304300ff	andi	r3,r2,#0x00ff
  594  000015d0  6c640040	sgtui	r4,r3,#64
  595  000015d4  10800020	beqz	r4,L5_LF2
  596  000015d8  54000000	nop; delay slot nop
  597  000015dc  304300ff	andi	r3,r2,#0x00ff
  598  000015e0  70640041	sleui	r4,r3,#65
  599  000015e4  1480000c	bnez	r4,L6_LF2
  600  000015e8  54000000	nop; delay slot nop
  601  000015ec  08000008	j	L5_LF2
  602  000015f0  54000000	nop; delay slot nop
  603  000015f4          	L6_LF2:
  604  000015f4  20010001	addi	r1,r0,#1
  605  000015f8          	L5_LF2:
  606  000015f8  08000004	j	L4_LF2
  607  000015fc  54000000	nop; delay slot nop
  608  00001600          	L4_LF2:
  609  00001600  8fa20000	lw	r2,0(r29)
  610  00001604  8fa30004	lw	r3,4(r29)
  611  00001608  8fa40008	lw	r4,8(r29)
  612  0000160c  8fdffff8	lw	r31,-8(r30)
  613  00001610  001ee820	add	r29,r0,r30
  614  00001614  8fdefffc	lw	r30,-4(r30)
  615  00001618  4be00000	jr	r31
  616  0000161c  54000000	nop
  617  00001620          	.endproc _isxdigit
  618  00001620          	.align 2
  619  00001620          	.proc _dstrcpy
  620  00001620          	.global _dstrcpy
  621  00001620          	_dstrcpy:
  622                      ;  Function 'dstrcpy'; 8 bytes of locals, 2 regs to save.
  623  00001620  afbefffc	sw	-4(r29),r30; push fp
  624  00001624  001df020	add	r30,r0,r29; fp = sp
  625  00001628  afbffff8	sw	-8(r29),r31; push ret addr
  626  0000162c  2fbd0018	subui	r29,r29,#24; alloc local storage
  627  00001630  afa20000	sw	0(r29),r2
  628  00001634  afa30004	sw	4(r29),r3
  629  00001638  8fc10000	lw	r1,(r30)
  630  0000163c  afc1fff4	sw	-12(r30),r1
  631  00001640          	L10_LF2:
  632  00001640  8fc10000	lw	r1,(r30)
  633  00001644  20220001	addi	r2,r1,#1
  634  00001648  afc20000	sw	(r30),r2
  635  0000164c  8fc20004	lw	r2,4(r30)
  636  00001650  20430001	addi	r3,r2,#1
  637  00001654  afc30004	sw	4(r30),r3
  638  00001658  80420000	lb	r2,(r2)
  639  0000165c  a0220000	sb	(r1),r2
  640  00001660  a3c2fff3	sb	-13(r30),r2
  641  00001664          	L12_LF2:
  642  00001664  93c1fff3	lbu	r1,-13(r30)
  643  00001668  64220000	snei	r2,r1,#0
  644  0000166c  1440000c	bnez	r2,L13_LF2
  645  00001670  54000000	nop; delay slot nop
  646  00001674  0800000c	j	L11_LF2
  647  00001678  54000000	nop; delay slot nop
  648  0000167c          	L13_LF2:
  649  0000167c  0bffffc0	j	L10_LF2
  650  00001680  54000000	nop; delay slot nop
  651  00001684          	L11_LF2:
  652  00001684  8fc1fff4	lw	r1,-12(r30)
  653  00001688  08000004	j	L9_LF2
  654  0000168c  54000000	nop; delay slot nop
  655  00001690          	L9_LF2:
  656  00001690  8fa20000	lw	r2,0(r29)
  657  00001694  8fa30004	lw	r3,4(r29)
  658  00001698  8fdffff8	lw	r31,-8(r30)
  659  0000169c  001ee820	add	r29,r0,r30
  660  000016a0  8fdefffc	lw	r30,-4(r30)
  661  000016a4  4be00000	jr	r31
  662  000016a8  54000000	nop
  663  000016ac          	.endproc _dstrcpy
  664  000016ac          	.align 2
  665  000016ac          	.proc _dstrncpy
  666  000016ac          	.global _dstrncpy
  667  000016ac          	_dstrncpy:
  668                      ;  Function 'dstrncpy'; 8 bytes of locals, 2 regs to save.
  669  000016ac  afbefffc	sw	-4(r29),r30; push fp
  670  000016b0  001df020	add	r30,r0,r29; fp = sp
  671  000016b4  afbffff8	sw	-8(r29),r31; push ret addr
  672  000016b8  2fbd0018	subui	r29,r29,#24; alloc local storage
  673  000016bc  afa20000	sw	0(r29),r2
  674  000016c0  afa30004	sw	4(r29),r3
  675  000016c4  8fc10000	lw	r1,(r30)
  676  000016c8  afc1fff4	sw	-12(r30),r1
  677  000016cc          	L15_LF2:
  678  000016cc  8fc10008	lw	r1,8(r30)
  679  000016d0  2022ffff	addi	r2,r1,#-1
  680  000016d4  afc20008	sw	8(r30),r2
  681  000016d8  70210000	slei	r1,r1,#0
  682  000016dc  1020000c	beqz	r1,L18_LF2
  683  000016e0  54000000	nop; delay slot nop
  684  000016e4  08000048	j	L16_LF2
  685  000016e8  54000000	nop; delay slot nop
  686  000016ec          	L18_LF2:
  687  000016ec  8fc10000	lw	r1,(r30)
  688  000016f0  20220001	addi	r2,r1,#1
  689  000016f4  afc20000	sw	(r30),r2
  690  000016f8  8fc20004	lw	r2,4(r30)
  691  000016fc  20430001	addi	r3,r2,#1
  692  00001700  afc30004	sw	4(r30),r3
  693  00001704  80420000	lb	r2,(r2)
  694  00001708  a0220000	sb	(r1),r2
  695  0000170c  a3c2fff3	sb	-13(r30),r2
  696  00001710          	L17_LF2:
  697  00001710  93c1fff3	lbu	r1,-13(r30)
  698  00001714  64220000	snei	r2,r1,#0
  699  00001718  1440000c	bnez	r2,L19_LF2
  700  0000171c  54000000	nop; delay slot nop
  701  00001720  0800000c	j	L16_LF2
  702  00001724  54000000	nop; delay slot nop
  703  00001728          	L19_LF2:
  704  00001728  0bffffa0	j	L15_LF2
  705  0000172c  54000000	nop; delay slot nop
  706  00001730          	L16_LF2:
  707  00001730  8fc1fff4	lw	r1,-12(r30)
  708  00001734  08000004	j	L14_LF2
  709  00001738  54000000	nop; delay slot nop
  710  0000173c          	L14_LF2:
  711  0000173c  8fa20000	lw	r2,0(r29)
  712  00001740  8fa30004	lw	r3,4(r29)
  713  00001744  8fdffff8	lw	r31,-8(r30)
  714  00001748  001ee820	add	r29,r0,r30
  715  0000174c  8fdefffc	lw	r30,-4(r30)
  716  00001750  4be00000	jr	r31
  717  00001754  54000000	nop
  718  00001758          	.endproc _dstrncpy
  719  00001758          	.align 2
  720  00001758          	.proc _dstrcat
  721  00001758          	.global _dstrcat
  722  00001758          	_dstrcat:
  723                      ;  Function 'dstrcat'; 8 bytes of locals, 1 regs to save.
  724  00001758  afbefffc	sw	-4(r29),r30; push fp
  725  0000175c  001df020	add	r30,r0,r29; fp = sp
  726  00001760  afbffff8	sw	-8(r29),r31; push ret addr
  727  00001764  2fbd0018	subui	r29,r29,#24; alloc local storage
  728  00001768  afa20000	sw	0(r29),r2
  729  0000176c  8fc10000	lw	r1,(r30)
  730  00001770  afc1fff4	sw	-12(r30),r1
  731  00001774          	L21_LF2:
  732  00001774  8fc10000	lw	r1,(r30)
  733  00001778  90220000	lbu	r2,(r1)
  734  0000177c  64410000	snei	r1,r2,#0
  735  00001780  1420000c	bnez	r1,L23_LF2
  736  00001784  54000000	nop; delay slot nop
  737  00001788  0800001c	j	L22_LF2
  738  0000178c  54000000	nop; delay slot nop
  739  00001790          	L23_LF2:
  740  00001790  8fc20000	lw	r2,(r30)
  741  00001794  20410001	addi	r1,r2,#1
  742  00001798  00011020	add	r2,r0,r1
  743  0000179c  afc20000	sw	(r30),r2
  744  000017a0  0bffffd0	j	L21_LF2
  745  000017a4  54000000	nop; delay slot nop
  746  000017a8          	L22_LF2:
  747  000017a8  23bdfff8	addi	r29,r29,#-8
  748  000017ac  001d0820	add	r1,r0,r29
  749  000017b0  8fc20000	lw	r2,(r30)
  750  000017b4  ac220000	sw	(r1),r2
  751  000017b8  8fc20004	lw	r2,4(r30)
  752  000017bc  ac220004	sw	4(r1),r2
  753  000017c0  0ffffe5c	jal	_dstrcpy
  754  000017c4  54000000	nop; delay slot nop
  755  000017c8  23bd0008	addi	r29,r29,#8
  756  000017cc  8fc1fff4	lw	r1,-12(r30)
  757  000017d0  08000004	j	L20_LF2
  758  000017d4  54000000	nop; delay slot nop
  759  000017d8          	L20_LF2:
  760  000017d8  8fa20000	lw	r2,0(r29)
  761  000017dc  8fdffff8	lw	r31,-8(r30)
  762  000017e0  001ee820	add	r29,r0,r30
  763  000017e4  8fdefffc	lw	r30,-4(r30)
  764  000017e8  4be00000	jr	r31
  765  000017ec  54000000	nop
  766  000017f0          	.endproc _dstrcat
  767  000017f0          	.align 2
  768  000017f0          	.proc _dstrncmp
  769  000017f0          	.global _dstrncmp
  770  000017f0          	_dstrncmp:
  771                      ;  Function 'dstrncmp'; 8 bytes of locals, 2 regs to save.
  772  000017f0  afbefffc	sw	-4(r29),r30; push fp
  773  000017f4  001df020	add	r30,r0,r29; fp = sp
  774  000017f8  afbffff8	sw	-8(r29),r31; push ret addr
  775  000017fc  2fbd0018	subui	r29,r29,#24; alloc local storage
  776  00001800  afa20000	sw	0(r29),r2
  777  00001804  afa30004	sw	4(r29),r3
  778  00001808  54000000	nop
  779  0000180c  20010000	addi	r1,r0,#0
  780  00001810  afc1fff4	sw	-12(r30),r1
  781  00001814          	L25_LF2:
  782  00001814  8fc1fff4	lw	r1,-12(r30)
  783  00001818  8fc20008	lw	r2,8(r30)
  784  0000181c  0022082a	slt	r1,r1,r2
  785  00001820  1420000c	bnez	r1,L28_LF2
  786  00001824  54000000	nop; delay slot nop
  787  00001828  08000088	j	L26_LF2
  788  0000182c  54000000	nop; delay slot nop
  789  00001830          	L28_LF2:
  790  00001830  8fc10004	lw	r1,4(r30)
  791  00001834  90220000	lbu	r2,(r1)
  792  00001838  64410000	snei	r1,r2,#0
  793  0000183c  14200018	bnez	r1,L29_LF2
  794  00001840  54000000	nop; delay slot nop
  795  00001844  20010000	addi	r1,r0,#0
  796  00001848  080000d8	j	L24_LF2
  797  0000184c  54000000	nop; delay slot nop
  798  00001850  08000028	j	L30_LF2
  799  00001854  54000000	nop; delay slot nop
  800  00001858          	L29_LF2:
  801  00001858  8fc10000	lw	r1,(r30)
  802  0000185c  8fc20004	lw	r2,4(r30)
  803  00001860  90210000	lbu	r1,(r1)
  804  00001864  90420000	lbu	r2,(r2)
  805  00001868  00220829	sne	r1,r1,r2
  806  0000186c  1020000c	beqz	r1,L30_LF2
  807  00001870  54000000	nop; delay slot nop
  808  00001874  0800003c	j	L26_LF2
  809  00001878  54000000	nop; delay slot nop
  810  0000187c          	L31_LF2:
  811  0000187c          	L30_LF2:
  812  0000187c  8fc20000	lw	r2,(r30)
  813  00001880  20410001	addi	r1,r2,#1
  814  00001884  00011020	add	r2,r0,r1
  815  00001888  afc20000	sw	(r30),r2
  816  0000188c  8fc20004	lw	r2,4(r30)
  817  00001890  20410001	addi	r1,r2,#1
  818  00001894  00011020	add	r2,r0,r1
  819  00001898  afc20004	sw	4(r30),r2
  820  0000189c          	L27_LF2:
  821  0000189c  8fc2fff4	lw	r2,-12(r30)
  822  000018a0  20410001	addi	r1,r2,#1
  823  000018a4  00011020	add	r2,r0,r1
  824  000018a8  afc2fff4	sw	-12(r30),r2
  825  000018ac  0bffff64	j	L25_LF2
  826  000018b0  54000000	nop; delay slot nop
  827  000018b4          	L26_LF2:
  828  000018b4  8fc1fff4	lw	r1,-12(r30)
  829  000018b8  8fc20008	lw	r2,8(r30)
  830  000018bc  00220828	seq	r1,r1,r2
  831  000018c0  10200018	beqz	r1,L32_LF2
  832  000018c4  54000000	nop; delay slot nop
  833  000018c8  20010000	addi	r1,r0,#0
  834  000018cc  08000054	j	L24_LF2
  835  000018d0  54000000	nop; delay slot nop
  836  000018d4  0800004c	j	L33_LF2
  837  000018d8  54000000	nop; delay slot nop
  838  000018dc          	L32_LF2:
  839  000018dc  8fc20000	lw	r2,(r30)
  840  000018e0  90410000	lbu	r1,(r2)
  841  000018e4  8fc20004	lw	r2,4(r30)
  842  000018e8  90430000	lbu	r3,(r2)
  843  000018ec  00230822	sub	r1,r1,r3
  844  000018f0  74220000	sgei	r2,r1,#0
  845  000018f4  10400020	beqz	r2,L34_LF2
  846  000018f8  54000000	nop; delay slot nop
  847  000018fc  8fc10000	lw	r1,(r30)
  848  00001900  8fc20004	lw	r2,4(r30)
  849  00001904  90210000	lbu	r1,(r1)
  850  00001908  90420000	lbu	r2,(r2)
  851  0000190c  00220829	sne	r1,r1,r2
  852  00001910  08000008	j	L35_LF2
  853  00001914  54000000	nop; delay slot nop
  854  00001918          	L34_LF2:
  855  00001918  2001ffff	addi	r1,r0,#-1
  856  0000191c          	L35_LF2:
  857  0000191c  08000004	j	L24_LF2
  858  00001920  54000000	nop; delay slot nop
  859  00001924          	L33_LF2:
  860  00001924          	L24_LF2:
  861  00001924  8fa20000	lw	r2,0(r29)
  862  00001928  8fa30004	lw	r3,4(r29)
  863  0000192c  8fdffff8	lw	r31,-8(r30)
  864  00001930  001ee820	add	r29,r0,r30
  865  00001934  8fdefffc	lw	r30,-4(r30)
  866  00001938  4be00000	jr	r31
  867  0000193c  54000000	nop
  868  00001940          	.endproc _dstrncmp
  869  00001940          	.align 2
  870  00001940          	.proc _dstrlen
  871  00001940          	.global _dstrlen
  872  00001940          	_dstrlen:
  873                      ;  Function 'dstrlen'; 8 bytes of locals, 1 regs to save.
  874  00001940  afbefffc	sw	-4(r29),r30; push fp
  875  00001944  001df020	add	r30,r0,r29; fp = sp
  876  00001948  afbffff8	sw	-8(r29),r31; push ret addr
  877  0000194c  2fbd0018	subui	r29,r29,#24; alloc local storage
  878  00001950  afa20000	sw	0(r29),r2
  879  00001954  20010000	addi	r1,r0,#0
  880  00001958  afc1fff4	sw	-12(r30),r1
  881  0000195c          	L37_LF2:
  882  0000195c  8fc10000	lw	r1,(r30)
  883  00001960  20220001	addi	r2,r1,#1
  884  00001964  afc20000	sw	(r30),r2
  885  00001968  90210000	lbu	r1,(r1)
  886  0000196c  64220000	snei	r2,r1,#0
  887  00001970  1440000c	bnez	r2,L39_LF2
  888  00001974  54000000	nop; delay slot nop
  889  00001978  0800001c	j	L38_LF2
  890  0000197c  54000000	nop; delay slot nop
  891  00001980          	L39_LF2:
  892  00001980  8fc2fff4	lw	r2,-12(r30)
  893  00001984  20410001	addi	r1,r2,#1
  894  00001988  00011020	add	r2,r0,r1
  895  0000198c  afc2fff4	sw	-12(r30),r2
  896  00001990  0bffffc8	j	L37_LF2
  897  00001994  54000000	nop; delay slot nop
  898  00001998          	L38_LF2:
  899  00001998  8fc1fff4	lw	r1,-12(r30)
  900  0000199c  08000004	j	L36_LF2
  901  000019a0  54000000	nop; delay slot nop
  902  000019a4          	L36_LF2:
  903  000019a4  8fa20000	lw	r2,0(r29)
  904  000019a8  8fdffff8	lw	r31,-8(r30)
  905  000019ac  001ee820	add	r29,r0,r30
  906  000019b0  8fdefffc	lw	r30,-4(r30)
  907  000019b4  4be00000	jr	r31
  908  000019b8  54000000	nop
  909  000019bc          	.endproc _dstrlen
  910  000019bc          	.align 2
  911  000019bc          	.proc _dstrstr
  912  000019bc          	.global _dstrstr
  913  000019bc          	_dstrstr:
  914                      ;  Function 'dstrstr'; 8 bytes of locals, 1 regs to save.
  915  000019bc  afbefffc	sw	-4(r29),r30; push fp
  916  000019c0  001df020	add	r30,r0,r29; fp = sp
  917  000019c4  afbffff8	sw	-8(r29),r31; push ret addr
  918  000019c8  2fbd0018	subui	r29,r29,#24; alloc local storage
  919  000019cc  afa20000	sw	0(r29),r2
  920  000019d0  23bdfff8	addi	r29,r29,#-8
  921  000019d4  001d0820	add	r1,r0,r29
  922  000019d8  8fc20004	lw	r2,4(r30)
  923  000019dc  ac220000	sw	(r1),r2
  924  000019e0  0fffff5c	jal	_dstrlen
  925  000019e4  54000000	nop; delay slot nop
  926  000019e8  23bd0008	addi	r29,r29,#8
  927  000019ec  afc1fff4	sw	-12(r30),r1
  928  000019f0          	L41_LF2:
  929  000019f0  8fc10000	lw	r1,(r30)
  930  000019f4  90220000	lbu	r2,(r1)
  931  000019f8  64410000	snei	r1,r2,#0
  932  000019fc  1420000c	bnez	r1,L43_LF2
  933  00001a00  54000000	nop; delay slot nop
  934  00001a04  08000060	j	L42_LF2
  935  00001a08  54000000	nop; delay slot nop
  936  00001a0c          	L43_LF2:
  937  00001a0c  23bdfff0	addi	r29,r29,#-16
  938  00001a10  001d0820	add	r1,r0,r29
  939  00001a14  8fc20000	lw	r2,(r30)
  940  00001a18  ac220000	sw	(r1),r2
  941  00001a1c  8fc20004	lw	r2,4(r30)
  942  00001a20  ac220004	sw	4(r1),r2
  943  00001a24  8fc2fff4	lw	r2,-12(r30)
  944  00001a28  ac220008	sw	8(r1),r2
  945  00001a2c  0ffffdc0	jal	_dstrncmp
  946  00001a30  54000000	nop; delay slot nop
  947  00001a34  23bd0010	addi	r29,r29,#16
  948  00001a38  64220000	snei	r2,r1,#0
  949  00001a3c  14400010	bnez	r2,L44_LF2
  950  00001a40  54000000	nop; delay slot nop
  951  00001a44  8fc10000	lw	r1,(r30)
  952  00001a48  08000028	j	L40_LF2
  953  00001a4c  54000000	nop; delay slot nop
  954  00001a50          	L44_LF2:
  955  00001a50  8fc20000	lw	r2,(r30)
  956  00001a54  20410001	addi	r1,r2,#1
  957  00001a58  00011020	add	r2,r0,r1
  958  00001a5c  afc20000	sw	(r30),r2
  959  00001a60  0bffff8c	j	L41_LF2
  960  00001a64  54000000	nop; delay slot nop
  961  00001a68          	L42_LF2:
  962  00001a68  20010000	addi	r1,r0,#0
  963  00001a6c  08000004	j	L40_LF2
  964  00001a70  54000000	nop; delay slot nop
  965  00001a74          	L40_LF2:
  966  00001a74  8fa20000	lw	r2,0(r29)
  967  00001a78  8fdffff8	lw	r31,-8(r30)
  968  00001a7c  001ee820	add	r29,r0,r30
  969  00001a80  8fdefffc	lw	r30,-4(r30)
  970  00001a84  4be00000	jr	r31
  971  00001a88  54000000	nop
  972  00001a8c          	.endproc _dstrstr
  973  00001a8c          	.align 2
  974  00001a8c          	.proc _dmindex
  975  00001a8c          	.global _dmindex
  976  00001a8c          	_dmindex:
  977                      ;  Function 'dmindex'; 8 bytes of locals, 1 regs to save.
  978  00001a8c  afbefffc	sw	-4(r29),r30; push fp
  979  00001a90  001df020	add	r30,r0,r29; fp = sp
  980  00001a94  afbffff8	sw	-8(r29),r31; push ret addr
  981  00001a98  2fbd0018	subui	r29,r29,#24; alloc local storage
  982  00001a9c  afa20000	sw	0(r29),r2
  983  00001aa0  54000000	nop
  984  00001aa4          	L46_LF2:
  985  00001aa4  8fc10000	lw	r1,(r30)
  986  00001aa8  90220000	lbu	r2,(r1)
  987  00001aac  64410000	snei	r1,r2,#0
  988  00001ab0  1420000c	bnez	r1,L48_LF2
  989  00001ab4  54000000	nop; delay slot nop
  990  00001ab8  08000070	j	L47_LF2
  991  00001abc  54000000	nop; delay slot nop
  992  00001ac0          	L48_LF2:
  993  00001ac0  8fc10004	lw	r1,4(r30)
  994  00001ac4  afc1fff4	sw	-12(r30),r1
  995  00001ac8          	L49_LF2:
  996  00001ac8  8fc1fff4	lw	r1,-12(r30)
  997  00001acc  90220000	lbu	r2,(r1)
  998  00001ad0  64410000	snei	r1,r2,#0
  999  00001ad4  1420000c	bnez	r1,L52_LF2
 1000  00001ad8  54000000	nop; delay slot nop
 1001  00001adc  08000044	j	L50_LF2
 1002  00001ae0  54000000	nop; delay slot nop
 1003  00001ae4          	L52_LF2:
 1004  00001ae4  8fc10000	lw	r1,(r30)
 1005  00001ae8  8fc2fff4	lw	r2,-12(r30)
 1006  00001aec  90210000	lbu	r1,(r1)
 1007  00001af0  90420000	lbu	r2,(r2)
 1008  00001af4  00220828	seq	r1,r1,r2
 1009  00001af8  10200010	beqz	r1,L51_LF2
 1010  00001afc  54000000	nop; delay slot nop
 1011  00001b00  8fc10000	lw	r1,(r30)
 1012  00001b04  08000030	j	L45_LF2
 1013  00001b08  54000000	nop; delay slot nop
 1014  00001b0c          	L53_LF2:
 1015  00001b0c          	L51_LF2:
 1016  00001b0c  8fc2fff4	lw	r2,-12(r30)
 1017  00001b10  20410001	addi	r1,r2,#1
 1018  00001b14  00011020	add	r2,r0,r1
 1019  00001b18  afc2fff4	sw	-12(r30),r2
 1020  00001b1c  0bffffa8	j	L49_LF2
 1021  00001b20  54000000	nop; delay slot nop
 1022  00001b24          	L50_LF2:
 1023  00001b24  0bffff7c	j	L46_LF2
 1024  00001b28  54000000	nop; delay slot nop
 1025  00001b2c          	L47_LF2:
 1026  00001b2c  20010000	addi	r1,r0,#0
 1027  00001b30  08000004	j	L45_LF2
 1028  00001b34  54000000	nop; delay slot nop
 1029  00001b38          	L45_LF2:
 1030  00001b38  8fa20000	lw	r2,0(r29)
 1031  00001b3c  8fdffff8	lw	r31,-8(r30)
 1032  00001b40  001ee820	add	r29,r0,r30
 1033  00001b44  8fdefffc	lw	r30,-4(r30)
 1034  00001b48  4be00000	jr	r31
 1035  00001b4c  54000000	nop
 1036  00001b50          	.endproc _dmindex
 1037  00001b50          	.align 2
 1038  00001b50          	.proc _dindex
 1039  00001b50          	.global _dindex
 1040  00001b50          	_dindex:
 1041                      ;  Function 'dindex'; 0 bytes of locals, 1 regs to save.
 1042  00001b50  afbefffc	sw	-4(r29),r30; push fp
 1043  00001b54  001df020	add	r30,r0,r29; fp = sp
 1044  00001b58  afbffff8	sw	-8(r29),r31; push ret addr
 1045  00001b5c  2fbd0010	subui	r29,r29,#16; alloc local storage
 1046  00001b60  afa20000	sw	0(r29),r2
 1047  00001b64  54000000	nop
 1048  00001b68          	L55_LF2:
 1049  00001b68  8fc10000	lw	r1,(r30)
 1050  00001b6c  90220000	lbu	r2,(r1)
 1051  00001b70  64410000	snei	r1,r2,#0
 1052  00001b74  1420000c	bnez	r1,L57_LF2
 1053  00001b78  54000000	nop; delay slot nop
 1054  00001b7c  08000040	j	L56_LF2
 1055  00001b80  54000000	nop; delay slot nop
 1056  00001b84          	L57_LF2:
 1057  00001b84  8fc10000	lw	r1,(r30)
 1058  00001b88  90220000	lbu	r2,(r1)
 1059  00001b8c  8fc10004	lw	r1,4(r30)
 1060  00001b90  00411028	seq	r2,r2,r1
 1061  00001b94  10400010	beqz	r2,L58_LF2
 1062  00001b98  54000000	nop; delay slot nop
 1063  00001b9c  8fc10000	lw	r1,(r30)
 1064  00001ba0  08000028	j	L54_LF2
 1065  00001ba4  54000000	nop; delay slot nop
 1066  00001ba8          	L58_LF2:
 1067  00001ba8  8fc20000	lw	r2,(r30)
 1068  00001bac  20410001	addi	r1,r2,#1
 1069  00001bb0  00011020	add	r2,r0,r1
 1070  00001bb4  afc20000	sw	(r30),r2
 1071  00001bb8  0bffffac	j	L55_LF2
 1072  00001bbc  54000000	nop; delay slot nop
 1073  00001bc0          	L56_LF2:
 1074  00001bc0  20010000	addi	r1,r0,#0
 1075  00001bc4  08000004	j	L54_LF2
 1076  00001bc8  54000000	nop; delay slot nop
 1077  00001bcc          	L54_LF2:
 1078  00001bcc  8fa20000	lw	r2,0(r29)
 1079  00001bd0  8fdffff8	lw	r31,-8(r30)
 1080  00001bd4  001ee820	add	r29,r0,r30
 1081  00001bd8  8fdefffc	lw	r30,-4(r30)
 1082  00001bdc  4be00000	jr	r31
 1083  00001be0  54000000	nop
 1084  00001be4          	.endproc _dindex
 1085  00001be4          	.align 2
 1086  00001be4          	.proc _ditoa
 1087  00001be4          	.global _ditoa
 1088  00001be4          	_ditoa:
 1089                      ;  Function 'ditoa'; 8 bytes of locals, 2 regs to save.
 1090  00001be4  afbefffc	sw	-4(r29),r30; push fp
 1091  00001be8  001df020	add	r30,r0,r29; fp = sp
 1092  00001bec  afbffff8	sw	-8(r29),r31; push ret addr
 1093  00001bf0  2fbd0018	subui	r29,r29,#24; alloc local storage
 1094  00001bf4  afa20000	sw	0(r29),r2
 1095  00001bf8  afa30004	sw	4(r29),r3
 1096  00001bfc  8fc10000	lw	r1,(r30)
 1097  00001c00  68220000	slti	r2,r1,#0
 1098  00001c04  1040002c	beqz	r2,L60_LF2
 1099  00001c08  54000000	nop; delay slot nop
 1100  00001c0c  8fc10004	lw	r1,4(r30)
 1101  00001c10  20220001	addi	r2,r1,#1
 1102  00001c14  afc20004	sw	4(r30),r2
 1103  00001c18  2002002d	addi	r2,r0,(#0x2d)&0xff
 1104  00001c1c  a0220000	sb	(r1),r2
 1105  00001c20  8fc10000	lw	r1,(r30)
 1106  00001c24  00011022	sub	r2,r0,r1
 1107  00001c28  afc20000	sw	(r30),r2
 1108  00001c2c  08000118	j	L61_LF2
 1109  00001c30  54000000	nop; delay slot nop
 1110  00001c34          	L60_LF2:
 1111  00001c34  8fc10000	lw	r1,(r30)
 1112  00001c38  64220000	snei	r2,r1,#0
 1113  00001c3c  14400020	bnez	r2,L62_LF2
 1114  00001c40  54000000	nop; delay slot nop
 1115  00001c44  8fc10004	lw	r1,4(r30)
 1116  00001c48  20220001	addi	r2,r1,#1
 1117  00001c4c  afc20004	sw	4(r30),r2
 1118  00001c50  20020030	addi	r2,r0,(#0x30)&0xff
 1119  00001c54  a0220000	sb	(r1),r2
 1120  00001c58  080000ec	j	L61_LF2
 1121  00001c5c  54000000	nop; delay slot nop
 1122  00001c60          	L62_LF2:
 1123  00001c60  20010001	addi	r1,r0,#1
 1124  00001c64  afc1fff4	sw	-12(r30),r1
 1125  00001c68          	L64_LF2:
 1126  00001c68  8fc1fff4	lw	r1,-12(r30)
 1127  00001c6c  8fc20000	lw	r2,(r30)
 1128  00001c70  0022082c	sle	r1,r1,r2
 1129  00001c74  1420000c	bnez	r1,L66_LF2
 1130  00001c78  54000000	nop; delay slot nop
 1131  00001c7c  08000024	j	L65_LF2
 1132  00001c80  54000000	nop; delay slot nop
 1133  00001c84          	L67_LF2:
 1134  00001c84          	L66_LF2:
 1135  00001c84  8fc1fff4	lw	r1,-12(r30)
 1136  00001c88  00011820	add	r3,r0,r1
 1137  00001c8c  50620002	slli	r2,r3,#0x2
 1138  00001c90  00411020	add	r2,r2,r1
 1139  00001c94  50410001	slli	r1,r2,#0x1
 1140  00001c98  afc1fff4	sw	-12(r30),r1
 1141  00001c9c  0bffffc8	j	L64_LF2
 1142  00001ca0  54000000	nop; delay slot nop
 1143  00001ca4          	L65_LF2:
 1144  00001ca4  54000000	nop
 1145  00001ca8          	L68_LF2:
 1146  00001ca8  8fc1fff4	lw	r1,-12(r30)
 1147  00001cac  2002000a	addi	r2,r0,#10
 1148  00001cb0  00200035	movi2fp	f0,r1
 1149  00001cb4  00400835	movi2fp	f1,r2
 1150  00001cb8  0401000f	div	f0,f0,f1
 1151  00001cbc  00000834	movfp2i	r1,f0
 1152  00001cc0  afc1fff4	sw	-12(r30),r1
 1153  00001cc4  8fc10004	lw	r1,4(r30)
 1154  00001cc8  20220001	addi	r2,r1,#1
 1155  00001ccc  afc20004	sw	4(r30),r2
 1156  00001cd0  8fc20000	lw	r2,(r30)
 1157  00001cd4  8fc3fff4	lw	r3,-12(r30)
 1158  00001cd8  00400035	movi2fp	f0,r2
 1159  00001cdc  00600835	movi2fp	f1,r3
 1160  00001ce0  0401000f	div	f0,f0,f1
 1161  00001ce4  00001034	movfp2i	r2,f0
 1162  00001ce8  00021820	add	r3,r0,r2
 1163  00001cec  20620030	addi	r2,r3,#48
 1164  00001cf0  a0220000	sb	(r1),r2
 1165  00001cf4  8fc10000	lw	r1,(r30)
 1166  00001cf8  8fc3fff4	lw	r3,-12(r30)
 1167  00001cfc  00200035	movi2fp	f0,r1
 1168  00001d00  00600835	movi2fp	f1,r3
 1169  00001d04  0401000f	div	f0,f0,f1
 1170  00001d08  00001034	movfp2i	r2,f0
 1171  00001d0c  8fc3fff4	lw	r3,-12(r30)
 1172  00001d10  00400035	movi2fp	f0,r2
 1173  00001d14  00600835	movi2fp	f1,r3
 1174  00001d18  0401000e	mult	f0,f0,f1
 1175  00001d1c  00001034	movfp2i	r2,f0
 1176  00001d20  00220822	sub	r1,r1,r2
 1177  00001d24  afc10000	sw	(r30),r1
 1178  00001d28          	L70_LF2:
 1179  00001d28  8fc1fff4	lw	r1,-12(r30)
 1180  00001d2c  6c220001	sgti	r2,r1,#1
 1181  00001d30  1440000c	bnez	r2,L71_LF2
 1182  00001d34  54000000	nop; delay slot nop
 1183  00001d38  0800000c	j	L61_LF2
 1184  00001d3c  54000000	nop; delay slot nop
 1185  00001d40          	L71_LF2:
 1186  00001d40  0bffff64	j	L68_LF2
 1187  00001d44  54000000	nop; delay slot nop
 1188  00001d48          	L69_LF2:
 1189  00001d48          	L63_LF2:
 1190  00001d48          	L61_LF2:
 1191  00001d48  8fc10004	lw	r1,4(r30)
 1192  00001d4c  20020000	addi	r2,r0,(#0x0)&0xff
 1193  00001d50  a0220000	sb	(r1),r2
 1194  00001d54          	L59_LF2:
 1195  00001d54  8fa20000	lw	r2,0(r29)
 1196  00001d58  8fa30004	lw	r3,4(r29)
 1197  00001d5c  8fdffff8	lw	r31,-8(r30)
 1198  00001d60  001ee820	add	r29,r0,r30
 1199  00001d64  8fdefffc	lw	r30,-4(r30)
 1200  00001d68  4be00000	jr	r31
 1201  00001d6c  54000000	nop
 1202  00001d70          	.endproc _ditoa
 1203  00001d70          	.align 2
 1204  00001d70          	.proc _dstrtol
 1205  00001d70          	.global _dstrtol
 1206  00001d70          	_dstrtol:
 1207                      ;  Function 'dstrtol'; 16 bytes of locals, 1 regs to save.
 1208  00001d70  afbefffc	sw	-4(r29),r30; push fp
 1209  00001d74  001df020	add	r30,r0,r29; fp = sp
 1210  00001d78  afbffff8	sw	-8(r29),r31; push ret addr
 1211  00001d7c  2fbd0020	subui	r29,r29,#32; alloc local storage
 1212  00001d80  afa20000	sw	0(r29),r2
 1213  00001d84  20010000	addi	r1,r0,#0
 1214  00001d88  afc1fff4	sw	-12(r30),r1
 1215  00001d8c          	L73_LF2:
 1216  00001d8c  8fc10000	lw	r1,(r30)
 1217  00001d90  90220000	lbu	r2,(r1)
 1218  00001d94  60410020	seqi	r1,r2,#32
 1219  00001d98  14200034	bnez	r1,L75_LF2
 1220  00001d9c  54000000	nop; delay slot nop
 1221  00001da0  8fc10000	lw	r1,(r30)
 1222  00001da4  90220000	lbu	r2,(r1)
 1223  00001da8  60410009	seqi	r1,r2,#9
 1224  00001dac  14200020	bnez	r1,L75_LF2
 1225  00001db0  54000000	nop; delay slot nop
 1226  00001db4  8fc10000	lw	r1,(r30)
 1227  00001db8  90220000	lbu	r2,(r1)
 1228  00001dbc  6041000a	seqi	r1,r2,#10
 1229  00001dc0  1420000c	bnez	r1,L75_LF2
 1230  00001dc4  54000000	nop; delay slot nop
 1231  00001dc8  0800001c	j	L74_LF2
 1232  00001dcc  54000000	nop; delay slot nop
 1233  00001dd0          	L75_LF2:
 1234  00001dd0  8fc20000	lw	r2,(r30)
 1235  00001dd4  20410001	addi	r1,r2,#1
 1236  00001dd8  00011020	add	r2,r0,r1
 1237  00001ddc  afc20000	sw	(r30),r2
 1238  00001de0  0bffffa8	j	L73_LF2
 1239  00001de4  54000000	nop; delay slot nop
 1240  00001de8          	L74_LF2:
 1241  00001de8  8fc10004	lw	r1,4(r30)
 1242  00001dec  64220000	snei	r2,r1,#0
 1243  00001df0  10400010	beqz	r2,L76_LF2
 1244  00001df4  54000000	nop; delay slot nop
 1245  00001df8  8fc10004	lw	r1,4(r30)
 1246  00001dfc  8fc20000	lw	r2,(r30)
 1247  00001e00  ac220000	sw	(r1),r2
 1248  00001e04          	L76_LF2:
 1249  00001e04  8fc10000	lw	r1,(r30)
 1250  00001e08  90220000	lbu	r2,(r1)
 1251  00001e0c  64410000	snei	r1,r2,#0
 1252  00001e10  14200010	bnez	r1,L77_LF2
 1253  00001e14  54000000	nop; delay slot nop
 1254  00001e18  8fc1fff4	lw	r1,-12(r30)
 1255  00001e1c  08000294	j	L72_LF2
 1256  00001e20  54000000	nop; delay slot nop
 1257  00001e24          	L77_LF2:
 1258  00001e24  8fc10000	lw	r1,(r30)
 1259  00001e28  90220000	lbu	r2,(r1)
 1260  00001e2c  6041002d	seqi	r1,r2,#45
 1261  00001e30  10200024	beqz	r1,L78_LF2
 1262  00001e34  54000000	nop; delay slot nop
 1263  00001e38  2001ffff	addi	r1,r0,#-1
 1264  00001e3c  afc1ffec	sw	-20(r30),r1
 1265  00001e40  8fc20000	lw	r2,(r30)
 1266  00001e44  20410001	addi	r1,r2,#1
 1267  00001e48  00011020	add	r2,r0,r1
 1268  00001e4c  afc20000	sw	(r30),r2
 1269  00001e50  0800000c	j	L79_LF2
 1270  00001e54  54000000	nop; delay slot nop
 1271  00001e58          	L78_LF2:
 1272  00001e58  20010001	addi	r1,r0,#1
 1273  00001e5c  afc1ffec	sw	-20(r30),r1
 1274  00001e60          	L79_LF2:
 1275  00001e60  8fc10008	lw	r1,8(r30)
 1276  00001e64  64220000	snei	r2,r1,#0
 1277  00001e68  14400090	bnez	r2,L80_LF2
 1278  00001e6c  54000000	nop; delay slot nop
 1279  00001e70  8fc10000	lw	r1,(r30)
 1280  00001e74  90220000	lbu	r2,(r1)
 1281  00001e78  60410030	seqi	r1,r2,#48
 1282  00001e7c  10200074	beqz	r1,L81_LF2
 1283  00001e80  54000000	nop; delay slot nop
 1284  00001e84  8fc20000	lw	r2,(r30)
 1285  00001e88  20410001	addi	r1,r2,#1
 1286  00001e8c  00011020	add	r2,r0,r1
 1287  00001e90  afc20000	sw	(r30),r2
 1288  00001e94  8fc10000	lw	r1,(r30)
 1289  00001e98  90220000	lbu	r2,(r1)
 1290  00001e9c  60410078	seqi	r1,r2,#120
 1291  00001ea0  14200020	bnez	r1,L83_LF2
 1292  00001ea4  54000000	nop; delay slot nop
 1293  00001ea8  8fc10000	lw	r1,(r30)
 1294  00001eac  90220000	lbu	r2,(r1)
 1295  00001eb0  60410058	seqi	r1,r2,#88
 1296  00001eb4  1420000c	bnez	r1,L83_LF2
 1297  00001eb8  54000000	nop; delay slot nop
 1298  00001ebc  08000024	j	L82_LF2
 1299  00001ec0  54000000	nop; delay slot nop
 1300  00001ec4          	L83_LF2:
 1301  00001ec4  20010010	addi	r1,r0,#16
 1302  00001ec8  afc10008	sw	8(r30),r1
 1303  00001ecc  8fc20000	lw	r2,(r30)
 1304  00001ed0  20410001	addi	r1,r2,#1
 1305  00001ed4  00011020	add	r2,r0,r1
 1306  00001ed8  afc20000	sw	(r30),r2
 1307  00001edc  0800000c	j	L84_LF2
 1308  00001ee0  54000000	nop; delay slot nop
 1309  00001ee4          	L82_LF2:
 1310  00001ee4  20010008	addi	r1,r0,#8
 1311  00001ee8  afc10008	sw	8(r30),r1
 1312  00001eec          	L84_LF2:
 1313  00001eec  0800000c	j	L80_LF2
 1314  00001ef0  54000000	nop; delay slot nop
 1315  00001ef4          	L81_LF2:
 1316  00001ef4  2001000a	addi	r1,r0,#10
 1317  00001ef8  afc10008	sw	8(r30),r1
 1318  00001efc          	L85_LF2:
 1319  00001efc          	L80_LF2:
 1320  00001efc  8fc10008	lw	r1,8(r30)
 1321  00001f00  70220000	slei	r2,r1,#0
 1322  00001f04  1440001c	bnez	r2,L87_LF2
 1323  00001f08  54000000	nop; delay slot nop
 1324  00001f0c  8fc10008	lw	r1,8(r30)
 1325  00001f10  6c220010	sgti	r2,r1,#16
 1326  00001f14  1440000c	bnez	r2,L87_LF2
 1327  00001f18  54000000	nop; delay slot nop
 1328  00001f1c  08000010	j	L86_LF2
 1329  00001f20  54000000	nop; delay slot nop
 1330  00001f24          	L87_LF2:
 1331  00001f24  8fc1fff4	lw	r1,-12(r30)
 1332  00001f28  08000188	j	L72_LF2
 1333  00001f2c  54000000	nop; delay slot nop
 1334  00001f30          	L86_LF2:
 1335  00001f30  54000000	nop
 1336  00001f34          	L88_LF2:
 1337  00001f34  8fc10000	lw	r1,(r30)
 1338  00001f38  90220000	lbu	r2,(r1)
 1339  00001f3c  6c41002f	sgtui	r1,r2,#47
 1340  00001f40  10200030	beqz	r1,L91_LF2
 1341  00001f44  54000000	nop; delay slot nop
 1342  00001f48  8fc10000	lw	r1,(r30)
 1343  00001f4c  90220000	lbu	r2,(r1)
 1344  00001f50  70410039	sleui	r1,r2,#57
 1345  00001f54  1020001c	beqz	r1,L91_LF2
 1346  00001f58  54000000	nop; delay slot nop
 1347  00001f5c  8fc10000	lw	r1,(r30)
 1348  00001f60  90220000	lbu	r2,(r1)
 1349  00001f64  2041ffd0	addi	r1,r2,#-48
 1350  00001f68  afc1fff0	sw	-16(r30),r1
 1351  00001f6c  0800008c	j	L92_LF2
 1352  00001f70  54000000	nop; delay slot nop
 1353  00001f74          	L91_LF2:
 1354  00001f74  8fc10000	lw	r1,(r30)
 1355  00001f78  90220000	lbu	r2,(r1)
 1356  00001f7c  6c410060	sgtui	r1,r2,#96
 1357  00001f80  10200030	beqz	r1,L93_LF2
 1358  00001f84  54000000	nop; delay slot nop
 1359  00001f88  8fc10000	lw	r1,(r30)
 1360  00001f8c  90220000	lbu	r2,(r1)
 1361  00001f90  7041007a	sleui	r1,r2,#122
 1362  00001f94  1020001c	beqz	r1,L93_LF2
 1363  00001f98  54000000	nop; delay slot nop
 1364  00001f9c  8fc10000	lw	r1,(r30)
 1365  00001fa0  90220000	lbu	r2,(r1)
 1366  00001fa4  2041ffa9	addi	r1,r2,#-87
 1367  00001fa8  afc1fff0	sw	-16(r30),r1
 1368  00001fac  0800004c	j	L92_LF2
 1369  00001fb0  54000000	nop; delay slot nop
 1370  00001fb4          	L93_LF2:
 1371  00001fb4  8fc10000	lw	r1,(r30)
 1372  00001fb8  90220000	lbu	r2,(r1)
 1373  00001fbc  6c410040	sgtui	r1,r2,#64
 1374  00001fc0  10200030	beqz	r1,L95_LF2
 1375  00001fc4  54000000	nop; delay slot nop
 1376  00001fc8  8fc10000	lw	r1,(r30)
 1377  00001fcc  90220000	lbu	r2,(r1)
 1378  00001fd0  7041005a	sleui	r1,r2,#90
 1379  00001fd4  1020001c	beqz	r1,L95_LF2
 1380  00001fd8  54000000	nop; delay slot nop
 1381  00001fdc  8fc10000	lw	r1,(r30)
 1382  00001fe0  90220000	lbu	r2,(r1)
 1383  00001fe4  2041ffc9	addi	r1,r2,#-55
 1384  00001fe8  afc1fff0	sw	-16(r30),r1
 1385  00001fec  0800000c	j	L92_LF2
 1386  00001ff0  54000000	nop; delay slot nop
 1387  00001ff4          	L95_LF2:
 1388  00001ff4  200103e8	addi	r1,r0,#1000
 1389  00001ff8  afc1fff0	sw	-16(r30),r1
 1390  00001ffc          	L96_LF2:
 1391  00001ffc          	L94_LF2:
 1392  00001ffc          	L92_LF2:
 1393  00001ffc  8fc1fff0	lw	r1,-16(r30)
 1394  00002000  8fc20008	lw	r2,8(r30)
 1395  00002004  0022082a	slt	r1,r1,r2
 1396  00002008  10200040	beqz	r1,L90_LF2
 1397  0000200c  54000000	nop; delay slot nop
 1398  00002010  8fc1fff4	lw	r1,-12(r30)
 1399  00002014  8fc20008	lw	r2,8(r30)
 1400  00002018  00200035	movi2fp	f0,r1
 1401  0000201c  00400835	movi2fp	f1,r2
 1402  00002020  0401000e	mult	f0,f0,f1
 1403  00002024  00000834	movfp2i	r1,f0
 1404  00002028  afc1fff4	sw	-12(r30),r1
 1405  0000202c  8fc1fff4	lw	r1,-12(r30)
 1406  00002030  8fc2fff0	lw	r2,-16(r30)
 1407  00002034  00220820	add	r1,r1,r2
 1408  00002038  afc1fff4	sw	-12(r30),r1
 1409  0000203c  8fc20000	lw	r2,(r30)
 1410  00002040  20410001	addi	r1,r2,#1
 1411  00002044  00011020	add	r2,r0,r1
 1412  00002048  afc20000	sw	(r30),r2
 1413  0000204c          	L97_LF2:
 1414  0000204c          	L90_LF2:
 1415  0000204c  8fc1fff0	lw	r1,-16(r30)
 1416  00002050  8fc20008	lw	r2,8(r30)
 1417  00002054  0022082a	slt	r1,r1,r2
 1418  00002058  1420000c	bnez	r1,L98_LF2
 1419  0000205c  54000000	nop; delay slot nop
 1420  00002060  0800000c	j	L89_LF2
 1421  00002064  54000000	nop; delay slot nop
 1422  00002068          	L98_LF2:
 1423  00002068  0bfffec8	j	L88_LF2
 1424  0000206c  54000000	nop; delay slot nop
 1425  00002070          	L89_LF2:
 1426  00002070  8fc10004	lw	r1,4(r30)
 1427  00002074  64220000	snei	r2,r1,#0
 1428  00002078  10400010	beqz	r2,L99_LF2
 1429  0000207c  54000000	nop; delay slot nop
 1430  00002080  8fc10004	lw	r1,4(r30)
 1431  00002084  8fc20000	lw	r2,(r30)
 1432  00002088  ac220000	sw	(r1),r2
 1433  0000208c          	L99_LF2:
 1434  0000208c  8fc1fff4	lw	r1,-12(r30)
 1435  00002090  8fc2ffec	lw	r2,-20(r30)
 1436  00002094  00200035	movi2fp	f0,r1
 1437  00002098  00400835	movi2fp	f1,r2
 1438  0000209c  0401000e	mult	f0,f0,f1
 1439  000020a0  00000834	movfp2i	r1,f0
 1440  000020a4  afc1fff4	sw	-12(r30),r1
 1441  000020a8  8fc1fff4	lw	r1,-12(r30)
 1442  000020ac  08000004	j	L72_LF2
 1443  000020b0  54000000	nop; delay slot nop
 1444  000020b4          	L72_LF2:
 1445  000020b4  8fa20000	lw	r2,0(r29)
 1446  000020b8  8fdffff8	lw	r31,-8(r30)
 1447  000020bc  001ee820	add	r29,r0,r30
 1448  000020c0  8fdefffc	lw	r30,-4(r30)
 1449  000020c4  4be00000	jr	r31
 1450  000020c8  54000000	nop
 1451  000020cc          	.endproc _dstrtol
 1452  000020cc          	.align 2
 1453  000020cc          	.proc _bcopy
 1454  000020cc          	.global _bcopy
 1455  000020cc          	_bcopy:
 1456                      ;  Function 'bcopy'; 0 bytes of locals, 2 regs to save.
 1457  000020cc  afbefffc	sw	-4(r29),r30; push fp
 1458  000020d0  001df020	add	r30,r0,r29; fp = sp
 1459  000020d4  afbffff8	sw	-8(r29),r31; push ret addr
 1460  000020d8  2fbd0010	subui	r29,r29,#16; alloc local storage
 1461  000020dc  afa20000	sw	0(r29),r2
 1462  000020e0  afa30004	sw	4(r29),r3
 1463  000020e4  54000000	nop
 1464  000020e8          	L101_LF2:
 1465  000020e8  8fc10008	lw	r1,8(r30)
 1466  000020ec  2022ffff	addi	r2,r1,#-1
 1467  000020f0  afc20008	sw	8(r30),r2
 1468  000020f4  6c210000	sgti	r1,r1,#0
 1469  000020f8  1420000c	bnez	r1,L103_LF2
 1470  000020fc  54000000	nop; delay slot nop
 1471  00002100  0800002c	j	L102_LF2
 1472  00002104  54000000	nop; delay slot nop
 1473  00002108          	L103_LF2:
 1474  00002108  8fc10004	lw	r1,4(r30)
 1475  0000210c  20220001	addi	r2,r1,#1
 1476  00002110  afc20004	sw	4(r30),r2
 1477  00002114  8fc20000	lw	r2,(r30)
 1478  00002118  20430001	addi	r3,r2,#1
 1479  0000211c  afc30000	sw	(r30),r3
 1480  00002120  80420000	lb	r2,(r2)
 1481  00002124  a0220000	sb	(r1),r2
 1482  00002128  0bffffbc	j	L101_LF2
 1483  0000212c  54000000	nop; delay slot nop
 1484  00002130          	L102_LF2:
 1485  00002130          	L100_LF2:
 1486  00002130  8fa20000	lw	r2,0(r29)
 1487  00002134  8fa30004	lw	r3,4(r29)
 1488  00002138  8fdffff8	lw	r31,-8(r30)
 1489  0000213c  001ee820	add	r29,r0,r30
 1490  00002140  8fdefffc	lw	r30,-4(r30)
 1491  00002144  4be00000	jr	r31
 1492  00002148  54000000	nop
 1493  0000214c          	.endproc _bcopy
 1494  0000214c          	.align 2
 1495  0000214c          	.proc _bzero
 1496  0000214c          	.global _bzero
 1497  0000214c          	_bzero:
 1498                      ;  Function 'bzero'; 0 bytes of locals, 1 regs to save.
 1499  0000214c  afbefffc	sw	-4(r29),r30; push fp
 1500  00002150  001df020	add	r30,r0,r29; fp = sp
 1501  00002154  afbffff8	sw	-8(r29),r31; push ret addr
 1502  00002158  2fbd0010	subui	r29,r29,#16; alloc local storage
 1503  0000215c  afa20000	sw	0(r29),r2
 1504  00002160  54000000	nop
 1505  00002164          	L105_LF2:
 1506  00002164  8fc10004	lw	r1,4(r30)
 1507  00002168  2022ffff	addi	r2,r1,#-1
 1508  0000216c  afc20004	sw	4(r30),r2
 1509  00002170  6c210000	sgti	r1,r1,#0
 1510  00002174  1420000c	bnez	r1,L107_LF2
 1511  00002178  54000000	nop; delay slot nop
 1512  0000217c  08000020	j	L106_LF2
 1513  00002180  54000000	nop; delay slot nop
 1514  00002184          	L107_LF2:
 1515  00002184  8fc10000	lw	r1,(r30)
 1516  00002188  20220001	addi	r2,r1,#1
 1517  0000218c  afc20000	sw	(r30),r2
 1518  00002190  20020000	addi	r2,r0,(#0x0)&0xff
 1519  00002194  a0220000	sb	(r1),r2
 1520  00002198  0bffffc8	j	L105_LF2
 1521  0000219c  54000000	nop; delay slot nop
 1522  000021a0          	L106_LF2:
 1523  000021a0          	L104_LF2:
 1524  000021a0  8fa20000	lw	r2,0(r29)
 1525  000021a4  8fdffff8	lw	r31,-8(r30)
 1526  000021a8  001ee820	add	r29,r0,r30
 1527  000021ac  8fdefffc	lw	r30,-4(r30)
 1528  000021b0  4be00000	jr	r31
 1529  000021b4  54000000	nop
 1530  000021b8          	.endproc _bzero
 1531  000021b8          	.align 2
 1532  000021b8          	.proc _min
 1533  000021b8          	.global _min
 1534  000021b8          	_min:
 1535                      ;  Function 'min'; 0 bytes of locals, 2 regs to save.
 1536  000021b8  afbefffc	sw	-4(r29),r30; push fp
 1537  000021bc  001df020	add	r30,r0,r29; fp = sp
 1538  000021c0  afbffff8	sw	-8(r29),r31; push ret addr
 1539  000021c4  2fbd0010	subui	r29,r29,#16; alloc local storage
 1540  000021c8  afa20000	sw	0(r29),r2
 1541  000021cc  afa30004	sw	4(r29),r3
 1542  000021d0  8fc10000	lw	r1,(r30)
 1543  000021d4  8fc20004	lw	r2,4(r30)
 1544  000021d8  0022182c	sle	r3,r1,r2
 1545  000021dc  14600008	bnez	r3,L109_LF2
 1546  000021e0  54000000	nop; delay slot nop
 1547  000021e4  8fc10004	lw	r1,4(r30)
 1548  000021e8          	L109_LF2:
 1549  000021e8  08000004	j	L108_LF2
 1550  000021ec  54000000	nop; delay slot nop
 1551  000021f0          	L108_LF2:
 1552  000021f0  8fa20000	lw	r2,0(r29)
 1553  000021f4  8fa30004	lw	r3,4(r29)
 1554  000021f8  8fdffff8	lw	r31,-8(r30)
 1555  000021fc  001ee820	add	r29,r0,r30
 1556  00002200  8fdefffc	lw	r30,-4(r30)
 1557  00002204  4be00000	jr	r31
 1558  00002208  54000000	nop
 1559  0000220c          	.endproc _min
 1560                      ;;; Ethan L. Miller, 1999.  Released to the public domain
 1561                      ;;;
 1562                      ;;; Most of the traps are called in files from libtraps.
 1565  0000220c          	.align 2
 1566  0000220c          	.proc _exit
 1567  0000220c          	.global _exit
 1568  0000220c          	_exit:
 1569  0000220c  44000300	trap	#0x300
 1570  00002210  4be00000	jr	r31
 1571  00002214  54000000	nop
 1572  00002218          	.endproc _exit
 1574                      ; for the benefit of gcc.
 1575  00002218          	.proc ___main
 1576  00002218          	.global ___main
 1577  00002218          	___main:
 1578  00002218  4be00000	jr	r31
 1579  0000221c  54000000	nop
 1580  00002220          	.endproc ___main
 1581  00002220          	.text
 1582  00002220          	.global _etext
 1583  00002220          	_etext:
 1584  00002220          	.align 3
 1585  00002220          	.data
 1586  0000316b          	.global _edata
 1587  0000316b          	_edata:
